{"logTime": "0315/111855", "correlationVector":"AMlCxPfk9WIAPblkGyh4HR.2","action":"ProcessGetUpdates", "result":"Done", "context":{"dataType":"History", "deleted":"0", "process_failed_to_decrypt":"0", "process_pending_decryption":"0", "process_success":"250", "total":"250"}}
{"logTime": "0315/111855", "correlationVector":"AMlCxPfk9WIAPblkGyh4HR.3","action":"GetUpdates Response", "result":"Success", "context":Received 250 update(s). cV=AMlCxPfk9WIAPblkGyh4HR.0;server=akswtt102000035;cloudType=Consumer;environment=Prod_southindia_prod-s01-004-apac-southindia;migrationStage=NotStarted Some updates remain.}
{"logTime": "0315/111855", "correlationVector":"lo9T0+Sta/NK/WjsBlqPIZ","action":"Initial GetUpdates", "result":"", "context":Reason: NEWLY_SUPPORTED_DATATYPE. cV=lo9T0+Sta/NK/WjsBlqPIZ}
{"logTime": "0315/111856", "correlationVector":"lo9T0+Sta/NK/WjsBlqPIZ.1","action":"SyncServerConnectionManagerRequest", "result":"SYNC_SERVER_OK", "context":{"environment":"Prod_southindia_prod-s01-004-apac-southindia", "migrationStage":"NotStarted", "server":"akswtt10200002l"}}
{"logTime": "0315/111856", "correlationVector":"lo9T0+Sta/NK/WjsBlqPIZ.2","action":"ProcessGetUpdates", "result":"Done", "context":{"dataType":"History", "deleted":"0", "process_failed_to_decrypt":"0", "process_pending_decryption":"0", "process_success":"250", "total":"250"}}
{"logTime": "0315/111856", "correlationVector":"lo9T0+Sta/NK/WjsBlqPIZ.3","action":"GetUpdates Response", "result":"Success", "context":Received 250 update(s). cV=lo9T0+Sta/NK/WjsBlqPIZ.0;server=akswtt10200002l;cloudType=Consumer;environment=Prod_southindia_prod-s01-004-apac-southindia;migrationStage=NotStarted Some updates remain.}
{"logTime": "0315/111856", "correlationVector":"/PqnCiHQBqMaENAX4NbDsb","action":"Initial GetUpdates", "result":"", "context":Reason: NEWLY_SUPPORTED_DATATYPE. cV=/PqnCiHQBqMaENAX4NbDsb}
{"logTime": "0315/111857", "correlationVector":"/PqnCiHQBqMaENAX4NbDsb.1","action":"SyncServerConnectionManagerRequest", "result":"SYNC_SERVER_OK", "context":{"environment":"Prod_southindia_prod-s01-004-apac-southindia", "migrationStage":"NotStarted", "server":"akswtt10200002r"}}
{"logTime": "0315/111857", "correlationVector":"/PqnCiHQBqMaENAX4NbDsb.2","action":"ProcessGetUpdates", "result":"Done", "context":{"dataType":"History", "deleted":"0", "process_failed_to_decrypt":"0", "process_pending_decryption":"0", "process_success":"250", "total":"250"}}
{"logTime": "0315/111857", "correlationVector":"/PqnCiHQBqMaENAX4NbDsb.3","action":"GetUpdates Response", "result":"Success", "context":Received 250 update(s). cV=/PqnCiHQBqMaENAX4NbDsb.0;server=akswtt10200002r;cloudType=Consumer;environment=Prod_southindia_prod-s01-004-apac-southindia;migrationStage=NotStarted Some updates remain.}
{"logTime": "0315/111857", "correlationVector":"1hLeHryrDL0qUdBl94B/K6","action":"Initial GetUpdates", "result":"", "context":Reason: NEWLY_SUPPORTED_DATATYPE. cV=1hLeHryrDL0qUdBl94B/K6}
{"logTime": "0315/111859", "correlationVector":"1hLeHryrDL0qUdBl94B/K6.1","action":"SyncServerConnectionManagerRequest", "result":"SYNC_SERVER_OK", "context":{"environment":"Prod_southindia_prod-s01-004-apac-southindia", "migrationStage":"NotStarted", "server":"akswtt10200003t"}}
{"logTime": "0315/111859", "correlationVector":"1hLeHryrDL0qUdBl94B/K6.2","action":"ProcessGetUpdates", "result":"Done", "context":{"dataType":"History", "deleted":"0", "process_failed_to_decrypt":"0", "process_pending_decryption":"0", "process_success":"250", "total":"250"}}
{"logTime": "0315/111859", "correlationVector":"1hLeHryrDL0qUdBl94B/K6.3","action":"GetUpdates Response", "result":"Success", "context":Received 250 update(s). cV=1hLeHryrDL0qUdBl94B/K6.0;server=akswtt10200003t;cloudType=Consumer;environment=Prod_southindia_prod-s01-004-apac-southindia;migrationStage=NotStarted Some updates remain.}
{"logTime": "0315/111859", "correlationVector":"HH5RII+UKRZ4e8mdgohayx","action":"Initial GetUpdates", "result":"", "context":Reason: NEWLY_SUPPORTED_DATATYPE. cV=HH5RII+UKRZ4e8mdgohayx}
{"logTime": "0315/111901", "correlationVector":"HH5RII+UKRZ4e8mdgohayx.1","action":"SyncServerConnectionManagerRequest", "result":"SYNC_SERVER_OK", "context":{"environment":"Prod_southindia_prod-s01-004-apac-southindia", "migrationStage":"NotStarted", "server":"akswtt10200002f"}}
{"logTime": "0315/111901", "correlationVector":"HH5RII+UKRZ4e8mdgohayx.2","action":"ProcessGetUpdates", "result":"Done", "context":{"dataType":"History", "deleted":"0", "process_failed_to_decrypt":"0", "process_pending_decryption":"0", "process_success":"250", "total":"250"}}
{"logTime": "0315/111901", "correlationVector":"HH5RII+UKRZ4e8mdgohayx.3","action":"GetUpdates Response", "result":"Success", "context":Received 250 update(s). cV=HH5RII+UKRZ4e8mdgohayx.0;server=akswtt10200002f;cloudType=Consumer;environment=Prod_southindia_prod-s01-004-apac-southindia;migrationStage=NotStarted Some updates remain.}
{"logTime": "0315/111901", "correlationVector":"KM2ZBxjcWjuSrTiogV2My+","action":"Initial GetUpdates", "result":"", "context":Reason: NEWLY_SUPPORTED_DATATYPE. cV=KM2ZBxjcWjuSrTiogV2My+}
{"logTime": "0315/111902", "correlationVector":"KM2ZBxjcWjuSrTiogV2My+.1","action":"SyncServerConnectionManagerRequest", "result":"SYNC_SERVER_OK", "context":{"environment":"Prod_southindia_prod-s01-004-apac-southindia", "migrationStage":"NotStarted", "server":"akswtt10200002l"}}
{"logTime": "0315/111902", "correlationVector":"KM2ZBxjcWjuSrTiogV2My+.2","action":"ProcessGetUpdates", "result":"Done", "context":{"dataType":"History", "deleted":"0", "process_failed_to_decrypt":"0", "process_pending_decryption":"0", "process_success":"250", "total":"250"}}
{"logTime": "0315/111902", "correlationVector":"KM2ZBxjcWjuSrTiogV2My+.3","action":"GetUpdates Response", "result":"Success", "context":Received 250 update(s). cV=KM2ZBxjcWjuSrTiogV2My+.0;server=akswtt10200002l;cloudType=Consumer;environment=Prod_southindia_prod-s01-004-apac-southindia;migrationStage=NotStarted Some updates remain.}
{"logTime": "0315/111902", "correlationVector":"rW1k1jVsvxJt4lgvqOTui8","action":"Initial GetUpdates", "result":"", "context":Reason: NEWLY_SUPPORTED_DATATYPE. cV=rW1k1jVsvxJt4lgvqOTui8}
{"logTime": "0315/111904", "correlationVector":"rW1k1jVsvxJt4lgvqOTui8.1","action":"SyncServerConnectionManagerRequest", "result":"SYNC_SERVER_OK", "context":{"environment":"Prod_southindia_prod-s01-004-apac-southindia", "migrationStage":"NotStarted", "server":"akswtt102000035"}}
{"logTime": "0315/111904", "correlationVector":"rW1k1jVsvxJt4lgvqOTui8.2","action":"ProcessGetUpdates", "result":"Done", "context":{"dataType":"History", "deleted":"0", "process_failed_to_decrypt":"0", "process_pending_decryption":"0", "process_success":"250", "total":"250"}}
{"logTime": "0315/111904", "correlationVector":"rW1k1jVsvxJt4lgvqOTui8.3","action":"GetUpdates Response", "result":"Success", "context":Received 250 update(s). cV=rW1k1jVsvxJt4lgvqOTui8.0;server=akswtt102000035;cloudType=Consumer;environment=Prod_southindia_prod-s01-004-apac-southindia;migrationStage=NotStarted Some updates remain.}
{"logTime": "0315/111904", "correlationVector":"0EShEWhSOE1yrB9Pc6n86n","action":"Initial GetUpdates", "result":"", "context":Reason: NEWLY_SUPPORTED_DATATYPE. cV=0EShEWhSOE1yrB9Pc6n86n}
{"logTime": "0315/111906", "correlationVector":"0EShEWhSOE1yrB9Pc6n86n.1","action":"SyncServerConnectionManagerRequest", "result":"SYNC_SERVER_OK", "context":{"environment":"Prod_southindia_prod-s01-004-apac-southindia", "migrationStage":"NotStarted", "server":"akswtt10200002x"}}
{"logTime": "0315/111906", "correlationVector":"0EShEWhSOE1yrB9Pc6n86n.2","action":"ProcessGetUpdates", "result":"Done", "context":{"dataType":"History", "deleted":"0", "process_failed_to_decrypt":"0", "process_pending_decryption":"0", "process_success":"250", "total":"250"}}
{"logTime": "0315/111906", "correlationVector":"0EShEWhSOE1yrB9Pc6n86n.3","action":"GetUpdates Response", "result":"Success", "context":Received 250 update(s). cV=0EShEWhSOE1yrB9Pc6n86n.0;server=akswtt10200002x;cloudType=Consumer;environment=Prod_southindia_prod-s01-004-apac-southindia;migrationStage=NotStarted Some updates remain.}
{"logTime": "0315/111906", "correlationVector":"cZSTa3CIeUKo8Z/zslSgro","action":"Initial GetUpdates", "result":"", "context":Reason: NEWLY_SUPPORTED_DATATYPE. cV=cZSTa3CIeUKo8Z/zslSgro}
{"logTime": "0315/111907", "correlationVector":"cZSTa3CIeUKo8Z/zslSgro.1","action":"SyncServerConnectionManagerRequest", "result":"SYNC_SERVER_OK", "context":{"environment":"Prod_southindia_prod-s01-004-apac-southindia", "migrationStage":"NotStarted", "server":"akswtt10200002r"}}
{"logTime": "0315/111907", "correlationVector":"cZSTa3CIeUKo8Z/zslSgro.2","action":"ProcessGetUpdates", "result":"Done", "context":{"dataType":"History", "deleted":"0", "process_failed_to_decrypt":"0", "process_pending_decryption":"0", "process_success":"250", "total":"250"}}
{"logTime": "0315/111907", "correlationVector":"cZSTa3CIeUKo8Z/zslSgro.3","action":"GetUpdates Response", "result":"Success", "context":Received 250 update(s). cV=cZSTa3CIeUKo8Z/zslSgro.0;server=akswtt10200002r;cloudType=Consumer;environment=Prod_southindia_prod-s01-004-apac-southindia;migrationStage=NotStarted Some updates remain.}
{"logTime": "0315/111907", "correlationVector":"dJfXpJfX5VIuVPFvlh3lgj","action":"Initial GetUpdates", "result":"", "context":Reason: NEWLY_SUPPORTED_DATATYPE. cV=dJfXpJfX5VIuVPFvlh3lgj}
{"logTime": "0315/111908", "correlationVector":"dJfXpJfX5VIuVPFvlh3lgj.1","action":"SyncServerConnectionManagerRequest", "result":"SYNC_SERVER_OK", "context":{"environment":"Prod_southindia_prod-s01-004-apac-southindia", "migrationStage":"NotStarted", "server":"akswtt10200004b"}}
{"logTime": "0315/111908", "correlationVector":"dJfXpJfX5VIuVPFvlh3lgj.2","action":"ProcessGetUpdates", "result":"Done", "context":{"dataType":"History", "deleted":"0", "process_failed_to_decrypt":"0", "process_pending_decryption":"0", "process_success":"250", "total":"250"}}
{"logTime": "0315/111908", "correlationVector":"dJfXpJfX5VIuVPFvlh3lgj.3","action":"GetUpdates Response", "result":"Success", "context":Received 250 update(s). cV=dJfXpJfX5VIuVPFvlh3lgj.0;server=akswtt10200004b;cloudType=Consumer;environment=Prod_southindia_prod-s01-004-apac-southindia;migrationStage=NotStarted Some updates remain.}
{"logTime": "0315/111908", "correlationVector":"azfBKLJMjq12R6tviww4Bk","action":"Initial GetUpdates", "result":"", "context":Reason: NEWLY_SUPPORTED_DATATYPE. cV=azfBKLJMjq12R6tviww4Bk}
{"logTime": "0315/111910", "correlationVector":"azfBKLJMjq12R6tviww4Bk.1","action":"SyncServerConnectionManagerRequest", "result":"SYNC_SERVER_OK", "context":{"environment":"Prod_southindia_prod-s01-004-apac-southindia", "migrationStage":"NotStarted", "server":"akswtt10200002i"}}
{"logTime": "0315/111910", "correlationVector":"azfBKLJMjq12R6tviww4Bk.2","action":"ProcessGetUpdates", "result":"Done", "context":{"dataType":"History", "deleted":"0", "process_failed_to_decrypt":"0", "process_pending_decryption":"0", "process_success":"250", "total":"250"}}
{"logTime": "0315/111910", "correlationVector":"azfBKLJMjq12R6tviww4Bk.3","action":"GetUpdates Response", "result":"Success", "context":Received 250 update(s). cV=azfBKLJMjq12R6tviww4Bk.0;server=akswtt10200002i;cloudType=Consumer;environment=Prod_southindia_prod-s01-004-apac-southindia;migrationStage=NotStarted Some updates remain.}
{"logTime": "0315/111910", "correlationVector":"ntewMIwmoVKYCaxq3ZnSpT","action":"Initial GetUpdates", "result":"", "context":Reason: NEWLY_SUPPORTED_DATATYPE. cV=ntewMIwmoVKYCaxq3ZnSpT}
{"logTime": "0315/111911", "correlationVector":"ntewMIwmoVKYCaxq3ZnSpT.1","action":"SyncServerConnectionManagerRequest", "result":"SYNC_SERVER_OK", "context":{"environment":"Prod_southindia_prod-s01-004-apac-southindia", "migrationStage":"NotStarted", "server":"akswtt102000035"}}
{"logTime": "0315/111911", "correlationVector":"ntewMIwmoVKYCaxq3ZnSpT.2","action":"ProcessGetUpdates", "result":"Done", "context":{"dataType":"History", "deleted":"0", "process_failed_to_decrypt":"0", "process_pending_decryption":"0", "process_success":"250", "total":"250"}}
{"logTime": "0315/111911", "correlationVector":"ntewMIwmoVKYCaxq3ZnSpT.3","action":"GetUpdates Response", "result":"Success", "context":Received 250 update(s). cV=ntewMIwmoVKYCaxq3ZnSpT.0;server=akswtt102000035;cloudType=Consumer;environment=Prod_southindia_prod-s01-004-apac-southindia;migrationStage=NotStarted Some updates remain.}
{"logTime": "0315/111911", "correlationVector":"FchzEKWJPwX6hBDlyzp4Ir","action":"Initial GetUpdates", "result":"", "context":Reason: NEWLY_SUPPORTED_DATATYPE. cV=FchzEKWJPwX6hBDlyzp4Ir}
{"logTime": "0315/111912", "correlationVector":"FchzEKWJPwX6hBDlyzp4Ir.1","action":"SyncServerConnectionManagerRequest", "result":"SYNC_SERVER_OK", "context":{"environment":"Prod_southindia_prod-s01-004-apac-southindia", "migrationStage":"NotStarted", "server":"akswtt10200003t"}}
{"logTime": "0315/111912", "correlationVector":"FchzEKWJPwX6hBDlyzp4Ir.2","action":"ProcessGetUpdates", "result":"Done", "context":{"dataType":"History", "deleted":"0", "process_failed_to_decrypt":"0", "process_pending_decryption":"0", "process_success":"250", "total":"250"}}
{"logTime": "0315/111912", "correlationVector":"FchzEKWJPwX6hBDlyzp4Ir.3","action":"GetUpdates Response", "result":"Success", "context":Received 250 update(s). cV=FchzEKWJPwX6hBDlyzp4Ir.0;server=akswtt10200003t;cloudType=Consumer;environment=Prod_southindia_prod-s01-004-apac-southindia;migrationStage=NotStarted Some updates remain.}
{"logTime": "0315/111912", "correlationVector":"vl4uD35+iMZ3puHbwDgi9m","action":"Initial GetUpdates", "result":"", "context":Reason: NEWLY_SUPPORTED_DATATYPE. cV=vl4uD35+iMZ3puHbwDgi9m}
{"logTime": "0315/111913", "correlationVector":"vl4uD35+iMZ3puHbwDgi9m.1","action":"SyncServerConnectionManagerRequest", "result":"SYNC_SERVER_OK", "context":{"environment":"Prod_southindia_prod-s01-004-apac-southindia", "migrationStage":"NotStarted", "server":"akswtt10200002c"}}
{"logTime": "0315/111913", "correlationVector":"vl4uD35+iMZ3puHbwDgi9m.2","action":"ProcessGetUpdates", "result":"Done", "context":{"dataType":"History", "deleted":"0", "process_failed_to_decrypt":"0", "process_pending_decryption":"0", "process_success":"250", "total":"250"}}
{"logTime": "0315/111913", "correlationVector":"vl4uD35+iMZ3puHbwDgi9m.3","action":"GetUpdates Response", "result":"Success", "context":Received 250 update(s). cV=vl4uD35+iMZ3puHbwDgi9m.0;server=akswtt10200002c;cloudType=Consumer;environment=Prod_southindia_prod-s01-004-apac-southindia;migrationStage=NotStarted Some updates remain.}
{"logTime": "0315/111913", "correlationVector":"frWhbUlOSCFZnF8/avrtvG","action":"Initial GetUpdates", "result":"", "context":Reason: NEWLY_SUPPORTED_DATATYPE. cV=frWhbUlOSCFZnF8/avrtvG}
{"logTime": "0315/111914", "correlationVector":"frWhbUlOSCFZnF8/avrtvG.1","action":"SyncServerConnectionManagerRequest", "result":"SYNC_SERVER_OK", "context":{"environment":"Prod_southindia_prod-s01-004-apac-southindia", "migrationStage":"NotStarted", "server":"akswtt10200004b"}}
{"logTime": "0315/111914", "correlationVector":"frWhbUlOSCFZnF8/avrtvG.2","action":"ProcessGetUpdates", "result":"Done", "context":{"dataType":"History", "deleted":"0", "process_failed_to_decrypt":"0", "process_pending_decryption":"0", "process_success":"250", "total":"250"}}
{"logTime": "0315/111914", "correlationVector":"frWhbUlOSCFZnF8/avrtvG.3","action":"GetUpdates Response", "result":"Success", "context":Received 250 update(s). cV=frWhbUlOSCFZnF8/avrtvG.0;server=akswtt10200004b;cloudType=Consumer;environment=Prod_southindia_prod-s01-004-apac-southindia;migrationStage=NotStarted Some updates remain.}
{"logTime": "0315/111914", "correlationVector":"oyGQmf6anGlA/nzj6etoA9","action":"Initial GetUpdates", "result":"", "context":Reason: NEWLY_SUPPORTED_DATATYPE. cV=oyGQmf6anGlA/nzj6etoA9}
{"logTime": "0315/111915", "correlationVector":"oyGQmf6anGlA/nzj6etoA9.1","action":"SyncServerConnectionManagerRequest", "result":"SYNC_SERVER_OK", "context":{"environment":"Prod_southindia_prod-s01-004-apac-southindia", "migrationStage":"NotStarted", "server":"akswtt10200003y"}}
{"logTime": "0315/111915", "correlationVector":"oyGQmf6anGlA/nzj6etoA9.2","action":"ProcessGetUpdates", "result":"Done", "context":{"dataType":"History", "deleted":"0", "process_failed_to_decrypt":"0", "process_pending_decryption":"0", "process_success":"250", "total":"250"}}
{"logTime": "0315/111915", "correlationVector":"oyGQmf6anGlA/nzj6etoA9.3","action":"GetUpdates Response", "result":"Success", "context":Received 250 update(s). cV=oyGQmf6anGlA/nzj6etoA9.0;server=akswtt10200003y;cloudType=Consumer;environment=Prod_southindia_prod-s01-004-apac-southindia;migrationStage=NotStarted Some updates remain.}
{"logTime": "0315/111915", "correlationVector":"9JKwC/y5fWuyTp/V2Fwn06","action":"Initial GetUpdates", "result":"", "context":Reason: NEWLY_SUPPORTED_DATATYPE. cV=9JKwC/y5fWuyTp/V2Fwn06}
{"logTime": "0315/111916", "correlationVector":"9JKwC/y5fWuyTp/V2Fwn06.1","action":"SyncServerConnectionManagerRequest", "result":"SYNC_SERVER_OK", "context":{"environment":"Prod_southindia_prod-s01-004-apac-southindia", "migrationStage":"NotStarted", "server":"akswtt10200002b"}}
{"logTime": "0315/111916", "correlationVector":"9JKwC/y5fWuyTp/V2Fwn06.2","action":"ProcessGetUpdates", "result":"Done", "context":{"dataType":"History", "deleted":"0", "process_failed_to_decrypt":"0", "process_pending_decryption":"0", "process_success":"250", "total":"250"}}
{"logTime": "0315/111916", "correlationVector":"9JKwC/y5fWuyTp/V2Fwn06.3","action":"GetUpdates Response", "result":"Success", "context":Received 250 update(s). cV=9JKwC/y5fWuyTp/V2Fwn06.0;server=akswtt10200002b;cloudType=Consumer;environment=Prod_southindia_prod-s01-004-apac-southindia;migrationStage=NotStarted Some updates remain.}
{"logTime": "0315/111916", "correlationVector":"XnrIa7fzCOGavKiLgBFv23","action":"Initial GetUpdates", "result":"", "context":Reason: NEWLY_SUPPORTED_DATATYPE. cV=XnrIa7fzCOGavKiLgBFv23}
{"logTime": "0315/111917", "correlationVector":"XnrIa7fzCOGavKiLgBFv23.1","action":"SyncServerConnectionManagerRequest", "result":"SYNC_SERVER_OK", "context":{"environment":"Prod_southindia_prod-s01-004-apac-southindia", "migrationStage":"NotStarted", "server":"akswtt10200002n"}}
{"logTime": "0315/111917", "correlationVector":"XnrIa7fzCOGavKiLgBFv23.2","action":"ProcessGetUpdates", "result":"Done", "context":{"dataType":"History", "deleted":"0", "process_failed_to_decrypt":"0", "process_pending_decryption":"0", "process_success":"250", "total":"250"}}
{"logTime": "0315/111917", "correlationVector":"XnrIa7fzCOGavKiLgBFv23.3","action":"GetUpdates Response", "result":"Success", "context":Received 250 update(s). cV=XnrIa7fzCOGavKiLgBFv23.0;server=akswtt10200002n;cloudType=Consumer;environment=Prod_southindia_prod-s01-004-apac-southindia;migrationStage=NotStarted Some updates remain.}
{"logTime": "0315/111917", "correlationVector":"VhDG0ugwLLHXeGEPW4EnoL","action":"Initial GetUpdates", "result":"", "context":Reason: NEWLY_SUPPORTED_DATATYPE. cV=VhDG0ugwLLHXeGEPW4EnoL}
{"logTime": "0315/111918", "correlationVector":"VhDG0ugwLLHXeGEPW4EnoL.1","action":"SyncServerConnectionManagerRequest", "result":"SYNC_SERVER_OK", "context":{"environment":"Prod_southindia_prod-s01-004-apac-southindia", "migrationStage":"NotStarted", "server":"akswtt10200002l"}}
{"logTime": "0315/111918", "correlationVector":"VhDG0ugwLLHXeGEPW4EnoL.2","action":"ProcessGetUpdates", "result":"Done", "context":{"dataType":"History", "deleted":"0", "process_failed_to_decrypt":"0", "process_pending_decryption":"0", "process_success":"250", "total":"250"}}
{"logTime": "0315/111918", "correlationVector":"VhDG0ugwLLHXeGEPW4EnoL.3","action":"GetUpdates Response", "result":"Success", "context":Received 250 update(s). cV=VhDG0ugwLLHXeGEPW4EnoL.0;server=akswtt10200002l;cloudType=Consumer;environment=Prod_southindia_prod-s01-004-apac-southindia;migrationStage=NotStarted Some updates remain.}
{"logTime": "0315/111918", "correlationVector":"aaH7FIPc2lZdYACxC5xzoG","action":"Initial GetUpdates", "result":"", "context":Reason: NEWLY_SUPPORTED_DATATYPE. cV=aaH7FIPc2lZdYACxC5xzoG}
{"logTime": "0315/111919", "correlationVector":"aaH7FIPc2lZdYACxC5xzoG.1","action":"SyncServerConnectionManagerRequest", "result":"SYNC_SERVER_OK", "context":{"environment":"Prod_southindia_prod-s01-004-apac-southindia", "migrationStage":"NotStarted", "server":"akswtt10200002n"}}
{"logTime": "0315/111919", "correlationVector":"aaH7FIPc2lZdYACxC5xzoG.2","action":"ProcessGetUpdates", "result":"Done", "context":{"dataType":"History", "deleted":"0", "process_failed_to_decrypt":"0", "process_pending_decryption":"0", "process_success":"250", "total":"250"}}
{"logTime": "0315/111919", "correlationVector":"aaH7FIPc2lZdYACxC5xzoG.3","action":"GetUpdates Response", "result":"Success", "context":Received 250 update(s). cV=aaH7FIPc2lZdYACxC5xzoG.0;server=akswtt10200002n;cloudType=Consumer;environment=Prod_southindia_prod-s01-004-apac-southindia;migrationStage=NotStarted Some updates remain.}
{"logTime": "0315/111919", "correlationVector":"2NwyuDKqyxJQ38cB/GfTiH","action":"Initial GetUpdates", "result":"", "context":Reason: NEWLY_SUPPORTED_DATATYPE. cV=2NwyuDKqyxJQ38cB/GfTiH}
{"logTime": "0315/111922", "correlationVector":"2NwyuDKqyxJQ38cB/GfTiH.1","action":"SyncServerConnectionManagerRequest", "result":"SYNC_SERVER_OK", "context":{"environment":"Prod_southindia_prod-s01-004-apac-southindia", "migrationStage":"NotStarted", "server":"akswtt10200002l"}}
{"logTime": "0315/111922", "correlationVector":"2NwyuDKqyxJQ38cB/GfTiH.2","action":"ProcessGetUpdates", "result":"Done", "context":{"dataType":"History", "deleted":"0", "process_failed_to_decrypt":"0", "process_pending_decryption":"0", "process_success":"250", "total":"250"}}
{"logTime": "0315/111922", "correlationVector":"2NwyuDKqyxJQ38cB/GfTiH.3","action":"GetUpdates Response", "result":"Success", "context":Received 250 update(s). cV=2NwyuDKqyxJQ38cB/GfTiH.0;server=akswtt10200002l;cloudType=Consumer;environment=Prod_southindia_prod-s01-004-apac-southindia;migrationStage=NotStarted Some updates remain.}
{"logTime": "0315/111922", "correlationVector":"Nz7g2H1HlTUUkzE5eq4zXE","action":"Initial GetUpdates", "result":"", "context":Reason: NEWLY_SUPPORTED_DATATYPE. cV=Nz7g2H1HlTUUkzE5eq4zXE}
{"logTime": "0315/111923", "correlationVector":"Nz7g2H1HlTUUkzE5eq4zXE.1","action":"SyncServerConnectionManagerRequest", "result":"SYNC_SERVER_OK", "context":{"environment":"Prod_southindia_prod-s01-004-apac-southindia", "migrationStage":"NotStarted", "server":"akswtt10200002l"}}
{"logTime": "0315/111923", "correlationVector":"Nz7g2H1HlTUUkzE5eq4zXE.2","action":"ProcessGetUpdates", "result":"Done", "context":{"dataType":"History", "deleted":"0", "process_failed_to_decrypt":"0", "process_pending_decryption":"0", "process_success":"250", "total":"250"}}
{"logTime": "0315/111923", "correlationVector":"Nz7g2H1HlTUUkzE5eq4zXE.3","action":"GetUpdates Response", "result":"Success", "context":Received 250 update(s). cV=Nz7g2H1HlTUUkzE5eq4zXE.0;server=akswtt10200002l;cloudType=Consumer;environment=Prod_southindia_prod-s01-004-apac-southindia;migrationStage=NotStarted Some updates remain.}
{"logTime": "0315/111923", "correlationVector":"y9VdJr7S0BvuFIarAcW1Lq","action":"Initial GetUpdates", "result":"", "context":Reason: NEWLY_SUPPORTED_DATATYPE. cV=y9VdJr7S0BvuFIarAcW1Lq}
{"logTime": "0315/111925", "correlationVector":"y9VdJr7S0BvuFIarAcW1Lq.1","action":"SyncServerConnectionManagerRequest", "result":"SYNC_SERVER_OK", "context":{"environment":"Prod_southindia_prod-s01-004-apac-southindia", "migrationStage":"NotStarted", "server":"akswtt10200002n"}}
{"logTime": "0315/111925", "correlationVector":"y9VdJr7S0BvuFIarAcW1Lq.2","action":"ProcessGetUpdates", "result":"Done", "context":{"dataType":"History", "deleted":"0", "process_failed_to_decrypt":"0", "process_pending_decryption":"0", "process_success":"250", "total":"250"}}
{"logTime": "0315/111925", "correlationVector":"y9VdJr7S0BvuFIarAcW1Lq.3","action":"GetUpdates Response", "result":"Success", "context":Received 250 update(s). cV=y9VdJr7S0BvuFIarAcW1Lq.0;server=akswtt10200002n;cloudType=Consumer;environment=Prod_southindia_prod-s01-004-apac-southindia;migrationStage=NotStarted Some updates remain.}
{"logTime": "0315/111925", "correlationVector":"v7IP6DiLfuu9rY9+/j6Tbi","action":"Initial GetUpdates", "result":"", "context":Reason: NEWLY_SUPPORTED_DATATYPE. cV=v7IP6DiLfuu9rY9+/j6Tbi}
{"logTime": "0315/111926", "correlationVector":"v7IP6DiLfuu9rY9+/j6Tbi.1","action":"SyncServerConnectionManagerRequest", "result":"SYNC_SERVER_OK", "context":{"environment":"Prod_southindia_prod-s01-004-apac-southindia", "migrationStage":"NotStarted", "server":"akswtt102000035"}}
{"logTime": "0315/111926", "correlationVector":"v7IP6DiLfuu9rY9+/j6Tbi.2","action":"ProcessGetUpdates", "result":"Done", "context":{"dataType":"History", "deleted":"0", "process_failed_to_decrypt":"0", "process_pending_decryption":"0", "process_success":"250", "total":"250"}}
{"logTime": "0315/111926", "correlationVector":"v7IP6DiLfuu9rY9+/j6Tbi.3","action":"GetUpdates Response", "result":"Success", "context":Received 250 update(s). cV=v7IP6DiLfuu9rY9+/j6Tbi.0;server=akswtt102000035;cloudType=Consumer;environment=Prod_southindia_prod-s01-004-apac-southindia;migrationStage=NotStarted Some updates remain.}
{"logTime": "0315/111926", "correlationVector":"W5yhF8AeSq/+40tLBc/oUb","action":"Initial GetUpdates", "result":"", "context":Reason: NEWLY_SUPPORTED_DATATYPE. cV=W5yhF8AeSq/+40tLBc/oUb}
{"logTime": "0315/111927", "correlationVector":"W5yhF8AeSq/+40tLBc/oUb.1","action":"SyncServerConnectionManagerRequest", "result":"SYNC_SERVER_OK", "context":{"environment":"Prod_southindia_prod-s01-004-apac-southindia", "migrationStage":"NotStarted", "server":"akswtt10200003y"}}
{"logTime": "0315/111927", "correlationVector":"W5yhF8AeSq/+40tLBc/oUb.2","action":"ProcessGetUpdates", "result":"Done", "context":{"dataType":"History", "deleted":"0", "process_failed_to_decrypt":"0", "process_pending_decryption":"0", "process_success":"250", "total":"250"}}
{"logTime": "0315/111927", "correlationVector":"W5yhF8AeSq/+40tLBc/oUb.3","action":"GetUpdates Response", "result":"Success", "context":Received 250 update(s). cV=W5yhF8AeSq/+40tLBc/oUb.0;server=akswtt10200003y;cloudType=Consumer;environment=Prod_southindia_prod-s01-004-apac-southindia;migrationStage=NotStarted Some updates remain.}
{"logTime": "0315/111927", "correlationVector":"46wdJzLJKxe6yzBTlhg4wO","action":"Initial GetUpdates", "result":"", "context":Reason: NEWLY_SUPPORTED_DATATYPE. cV=46wdJzLJKxe6yzBTlhg4wO}
{"logTime": "0315/111928", "correlationVector":"46wdJzLJKxe6yzBTlhg4wO.1","action":"SyncServerConnectionManagerRequest", "result":"SYNC_SERVER_OK", "context":{"environment":"Prod_southindia_prod-s01-004-apac-southindia", "migrationStage":"NotStarted", "server":"akswtt102000035"}}
{"logTime": "0315/111928", "correlationVector":"46wdJzLJKxe6yzBTlhg4wO.2","action":"ProcessGetUpdates", "result":"Done", "context":{"dataType":"History", "deleted":"0", "process_failed_to_decrypt":"0", "process_pending_decryption":"0", "process_success":"250", "total":"250"}}
{"logTime": "0315/111928", "correlationVector":"46wdJzLJKxe6yzBTlhg4wO.3","action":"GetUpdates Response", "result":"Success", "context":Received 250 update(s). cV=46wdJzLJKxe6yzBTlhg4wO.0;server=akswtt102000035;cloudType=Consumer;environment=Prod_southindia_prod-s01-004-apac-southindia;migrationStage=NotStarted Some updates remain.}
{"logTime": "0315/111928", "correlationVector":"DDbmeOhOg3P9yPO/S9fQKq","action":"Initial GetUpdates", "result":"", "context":Reason: NEWLY_SUPPORTED_DATATYPE. cV=DDbmeOhOg3P9yPO/S9fQKq}
{"logTime": "0315/111929", "correlationVector":"DDbmeOhOg3P9yPO/S9fQKq.1","action":"SyncServerConnectionManagerRequest", "result":"SYNC_SERVER_OK", "context":{"environment":"Prod_southindia_prod-s01-004-apac-southindia", "migrationStage":"NotStarted", "server":"akswtt10200002r"}}
{"logTime": "0315/111929", "correlationVector":"DDbmeOhOg3P9yPO/S9fQKq.2","action":"ProcessGetUpdates", "result":"Done", "context":{"dataType":"History", "deleted":"0", "process_failed_to_decrypt":"0", "process_pending_decryption":"0", "process_success":"250", "total":"250"}}
{"logTime": "0315/111929", "correlationVector":"DDbmeOhOg3P9yPO/S9fQKq.3","action":"GetUpdates Response", "result":"Success", "context":Received 250 update(s). cV=DDbmeOhOg3P9yPO/S9fQKq.0;server=akswtt10200002r;cloudType=Consumer;environment=Prod_southindia_prod-s01-004-apac-southindia;migrationStage=NotStarted Some updates remain.}
{"logTime": "0315/111929", "correlationVector":"72DMiHIZZuSkmr4o2vrhyH","action":"Initial GetUpdates", "result":"", "context":Reason: NEWLY_SUPPORTED_DATATYPE. cV=72DMiHIZZuSkmr4o2vrhyH}
{"logTime": "0315/111930", "correlationVector":"72DMiHIZZuSkmr4o2vrhyH.1","action":"SyncServerConnectionManagerRequest", "result":"SYNC_SERVER_OK", "context":{"environment":"Prod_southindia_prod-s01-004-apac-southindia", "migrationStage":"NotStarted", "server":"akswtt102000035"}}
{"logTime": "0315/111930", "correlationVector":"72DMiHIZZuSkmr4o2vrhyH.2","action":"ProcessGetUpdates", "result":"Done", "context":{"dataType":"History", "deleted":"0", "process_failed_to_decrypt":"0", "process_pending_decryption":"0", "process_success":"250", "total":"250"}}
{"logTime": "0315/111930", "correlationVector":"72DMiHIZZuSkmr4o2vrhyH.3","action":"GetUpdates Response", "result":"Success", "context":Received 250 update(s). cV=72DMiHIZZuSkmr4o2vrhyH.0;server=akswtt102000035;cloudType=Consumer;environment=Prod_southindia_prod-s01-004-apac-southindia;migrationStage=NotStarted Some updates remain.}
{"logTime": "0315/111930", "correlationVector":"3o3fv+ulWy842uWImrdPOF","action":"Initial GetUpdates", "result":"", "context":Reason: NEWLY_SUPPORTED_DATATYPE. cV=3o3fv+ulWy842uWImrdPOF}
{"logTime": "0315/111931", "correlationVector":"3o3fv+ulWy842uWImrdPOF.1","action":"SyncServerConnectionManagerRequest", "result":"SYNC_SERVER_OK", "context":{"environment":"Prod_southindia_prod-s01-004-apac-southindia", "migrationStage":"NotStarted", "server":"akswtt10200004b"}}
{"logTime": "0315/111931", "correlationVector":"3o3fv+ulWy842uWImrdPOF.2","action":"ProcessGetUpdates", "result":"Done", "context":{"dataType":"History", "deleted":"0", "process_failed_to_decrypt":"0", "process_pending_decryption":"0", "process_success":"9", "total":"9"}}
{"logTime": "0315/111931", "correlationVector":"3o3fv+ulWy842uWImrdPOF.3","action":"GetUpdates Response", "result":"Success", "context":Received 9 update(s). cV=3o3fv+ulWy842uWImrdPOF.0;server=akswtt10200004b;cloudType=Consumer;environment=Prod_southindia_prod-s01-004-apac-southindia;migrationStage=NotStarted}
{"logTime": "0315/111931", "correlationVector":"sJe7oOuxY5wbFf9ufe7wxH","action":"Normal GetUpdate request", "result":"", "context":cV=sJe7oOuxY5wbFf9ufe7wxH
Nudged types: Preferences, Passwords, Sessions, Device Info, History
Refresh requested types: Bookmarks, Preferences, Passwords, Autofill Profiles, Autofill, Extensions, Sessions, Extension settings, History Delete Directives, Device Info, User Consents, Send Tab To Self, Web Apps, History, Saved Tab Group, WebAuthn Credentials, Collection, Edge E Drop, Edge Hub App Usage, Edge Wallet, Edge Workspace, Encryption Keys}
{"logTime": "0315/111931", "correlationVector":"sJe7oOuxY5wbFf9ufe7wxH.1","action":"SyncServerConnectionManagerRequest", "result":"SYNC_SERVER_OK", "context":{"environment":"Prod_southindia_prod-s01-004-apac-southindia", "migrationStage":"NotStarted", "server":"akswtt10200002c"}}
{"logTime": "0315/111931", "correlationVector":"sJe7oOuxY5wbFf9ufe7wxH.2","action":"GetUpdates Response", "result":"Success", "context":Received 0 update(s). cV=sJe7oOuxY5wbFf9ufe7wxH.0;server=akswtt10200002c;cloudType=Consumer;environment=Prod_southindia_prod-s01-004-apac-southindia;migrationStage=NotStarted}
{"logTime": "0315/111931", "correlationVector":"UW/y+t0VSPItPRytU7HXKJ","action":"Commit Request", "result":"", "context":Item count: 40
Contributing types: Passwords}
{"logTime": "0315/111934", "correlationVector":"UW/y+t0VSPItPRytU7HXKJ.1","action":"SyncServerConnectionManagerRequest", "result":"SYNC_SERVER_OK", "context":{"environment":"Prod_southindia_prod-s01-004-apac-southindia", "migrationStage":"NotStarted", "server":"akswtt10200002i"}}
{"logTime": "0315/111934", "correlationVector":"UW/y+t0VSPItPRytU7HXKJ.2","action":"Commit Response", "result":"Success", "context":Result: Success. cV=UW/y+t0VSPItPRytU7HXKJ.0;server=akswtt10200002i;cloudType=Consumer;environment=Prod_southindia_prod-s01-004-apac-southindia;migrationStage=NotStarted}
{"logTime": "0315/111934", "correlationVector":"h7Gq/0oJvNVclSXtRa3XY6","action":"Commit Request", "result":"", "context":Item count: 40
Contributing types: Preferences, Passwords, Sessions, Device Info, History}
{"logTime": "0315/111936", "correlationVector":"h7Gq/0oJvNVclSXtRa3XY6.1","action":"SyncServerConnectionManagerRequest", "result":"SYNC_SERVER_OK", "context":{"environment":"Prod_southindia_prod-s01-004-apac-southindia", "migrationStage":"NotStarted", "server":"akswtt10200004b"}}
{"logTime": "0315/111936", "correlationVector":"h7Gq/0oJvNVclSXtRa3XY6.2","action":"Commit Response", "result":"Success", "context":Result: Success. cV=h7Gq/0oJvNVclSXtRa3XY6.0;server=akswtt10200004b;cloudType=Consumer;environment=Prod_southindia_prod-s01-004-apac-southindia;migrationStage=NotStarted}
{"logTime": "0315/112139", "correlationVector":"/b/tXtJSWUMm+KEDI/dnN8","action":"Commit Request", "result":"", "context":Item count: 5
Contributing types: Preferences, Sessions, History}
{"logTime": "0315/112140", "correlationVector":"/b/tXtJSWUMm+KEDI/dnN8.1","action":"SyncServerConnectionManagerRequest", "result":"SYNC_SERVER_OK", "context":{"environment":"Prod_southindia_prod-s01-004-apac-southindia", "migrationStage":"NotStarted", "server":"akswtt102000040"}}
{"logTime": "0315/112140", "correlationVector":"/b/tXtJSWUMm+KEDI/dnN8.2","action":"Commit Response", "result":"Success", "context":Result: Success. cV=/b/tXtJSWUMm+KEDI/dnN8.0;server=akswtt102000040;cloudType=Consumer;environment=Prod_southindia_prod-s01-004-apac-southindia;migrationStage=NotStarted}
{"logTime": "0315/112156", "correlationVector":"GaVj9TDY37oCST7PW5tEVx","action":"Commit Request", "result":"", "context":Item count: 9
Contributing types: Preferences, Sessions, History}
{"logTime": "0315/112157", "correlationVector":"GaVj9TDY37oCST7PW5tEVx.1","action":"SyncServerConnectionManagerRequest", "result":"SYNC_SERVER_OK", "context":{"environment":"Prod_southindia_prod-s01-004-apac-southindia", "migrationStage":"NotStarted", "server":"akswtt10200003z"}}
{"logTime": "0315/112157", "correlationVector":"GaVj9TDY37oCST7PW5tEVx.2","action":"Commit Response", "result":"Success", "context":Result: Success. cV=GaVj9TDY37oCST7PW5tEVx.0;server=akswtt10200003z;cloudType=Consumer;environment=Prod_southindia_prod-s01-004-apac-southindia;migrationStage=NotStarted}
{"logTime": "0315/112159", "correlationVector":"A+hCsv8lGnkfm7Ds8aWdCQ","action":"Commit Request", "result":"", "context":Item count: 1
Contributing types: Preferences}
{"logTime": "0315/112159", "correlationVector":"A+hCsv8lGnkfm7Ds8aWdCQ.1","action":"SyncServerConnectionManagerRequest", "result":"SYNC_SERVER_OK", "context":{"environment":"Prod_southindia_prod-s01-004-apac-southindia", "migrationStage":"NotStarted", "server":"akswtt102000012"}}
{"logTime": "0315/112159", "correlationVector":"A+hCsv8lGnkfm7Ds8aWdCQ.2","action":"Commit Response", "result":"Success", "context":Result: Success. cV=A+hCsv8lGnkfm7Ds8aWdCQ.0;server=akswtt102000012;cloudType=Consumer;environment=Prod_southindia_prod-s01-004-apac-southindia;migrationStage=NotStarted}
{"logTime": "0315/112302", "correlationVector":"go53yLL5owskscEHCcffS7","action":"Commit Request", "result":"", "context":Item count: 14
Contributing types: Sessions, History}
{"logTime": "0315/112307", "correlationVector":"go53yLL5owskscEHCcffS7.1","action":"SyncServerConnectionManagerRequest", "result":"SYNC_SERVER_OK", "context":{"environment":"Prod_southindia_prod-s01-004-apac-southindia", "migrationStage":"NotStarted", "server":"akswtt10200002u"}}
{"logTime": "0315/112307", "correlationVector":"go53yLL5owskscEHCcffS7.2","action":"Commit Response", "result":"Success", "context":Result: Success. cV=go53yLL5owskscEHCcffS7.0;server=akswtt10200002u;cloudType=Consumer;environment=Prod_southindia_prod-s01-004-apac-southindia;migrationStage=NotStarted}
{"logTime": "0315/112407", "correlationVector":"kMHhQMQTT7TP8PdMEPO/cI","action":"Commit Request", "result":"", "context":Item count: 10
Contributing types: Sessions, History}
{"logTime": "0315/112408", "correlationVector":"kMHhQMQTT7TP8PdMEPO/cI.1","action":"SyncServerConnectionManagerRequest", "result":"SYNC_SERVER_OK", "context":{"environment":"Prod_southindia_prod-s01-004-apac-southindia", "migrationStage":"NotStarted", "server":"akswtt10200004k"}}
{"logTime": "0315/112408", "correlationVector":"kMHhQMQTT7TP8PdMEPO/cI.3","action":"Commit.Sessions", "result":"Success", "context":{"id":"57ddb815-92fd-4326-b28b-1bfe951a0694", "isDeleted":"true", "size":"0", "version":"1773573809880"}}
{"logTime": "0315/112408", "correlationVector":"kMHhQMQTT7TP8PdMEPO/cI.4","action":"Commit.Sessions", "result":"Success", "context":{"id":"7796c07e-8161-4921-a2fa-254a072e797b", "isDeleted":"true", "size":"0", "version":"1773573809881"}}
{"logTime": "0315/112408", "correlationVector":"kMHhQMQTT7TP8PdMEPO/cI.2","action":"Commit Response", "result":"Success", "context":Result: Success. cV=kMHhQMQTT7TP8PdMEPO/cI.0;server=akswtt10200004k;cloudType=Consumer;environment=Prod_southindia_prod-s01-004-apac-southindia;migrationStage=NotStarted}
{"logTime": "0315/112508", "correlationVector":"TFmo7TrDtKF/5rp2OF57vr","action":"Commit Request", "result":"", "context":Item count: 9
Contributing types: Sessions, History}
{"logTime": "0315/112509", "correlationVector":"TFmo7TrDtKF/5rp2OF57vr.1","action":"SyncServerConnectionManagerRequest", "result":"SYNC_SERVER_OK", "context":{"environment":"Prod_southindia_prod-s01-004-apac-southindia", "migrationStage":"NotStarted", "server":"akswtt10200002x"}}
{"logTime": "0315/112509", "correlationVector":"TFmo7TrDtKF/5rp2OF57vr.2","action":"Commit Response", "result":"Success", "context":Result: Success. cV=TFmo7TrDtKF/5rp2OF57vr.0;server=akswtt10200002x;cloudType=Consumer;environment=Prod_southindia_prod-s01-004-apac-southindia;migrationStage=NotStarted}
{"logTime": "0315/112658", "correlationVector":"aEW592J0BmFfN8YTNh5gSh","action":"Commit Request", "result":"", "context":Item count: 3
Contributing types: Sessions, History}
{"logTime": "0315/112658", "correlationVector":"aEW592J0BmFfN8YTNh5gSh.1","action":"SyncServerConnectionManagerRequest", "result":"SYNC_SERVER_OK", "context":{"environment":"Prod_southindia_prod-s01-004-apac-southindia", "migrationStage":"NotStarted", "server":"akswtt10200004o"}}
{"logTime": "0315/112658", "correlationVector":"aEW592J0BmFfN8YTNh5gSh.2","action":"Commit Response", "result":"Success", "context":Result: Success. cV=aEW592J0BmFfN8YTNh5gSh.0;server=akswtt10200004o;cloudType=Consumer;environment=Prod_southindia_prod-s01-004-apac-southindia;migrationStage=NotStarted}
{"logTime": "0315/112803", "correlationVector":"HjkQpBQpRbe/VxIiz1Ry9v","action":"Commit Request", "result":"", "context":Item count: 8
Contributing types: Sessions, History}
{"logTime": "0315/112804", "correlationVector":"HjkQpBQpRbe/VxIiz1Ry9v.1","action":"SyncServerConnectionManagerRequest", "result":"SYNC_SERVER_OK", "context":{"environment":"Prod_southindia_prod-s01-004-apac-southindia", "migrationStage":"NotStarted", "server":"akswtt10200003x"}}
{"logTime": "0315/112804", "correlationVector":"HjkQpBQpRbe/VxIiz1Ry9v.2","action":"Commit Response", "result":"Success", "context":Result: Success. cV=HjkQpBQpRbe/VxIiz1Ry9v.0;server=akswtt10200003x;cloudType=Consumer;environment=Prod_southindia_prod-s01-004-apac-southindia;migrationStage=NotStarted}
{"logTime": "0315/112917", "correlationVector":"IczEsgHmObpAYpf56bWLcc","action":"Commit Request", "result":"", "context":Item count: 7
Contributing types: Sessions, History}
{"logTime": "0315/112918", "correlationVector":"IczEsgHmObpAYpf56bWLcc.1","action":"SyncServerConnectionManagerRequest", "result":"SYNC_SERVER_OK", "context":{"environment":"Prod_southindia_prod-s01-004-apac-southindia", "migrationStage":"NotStarted", "server":"akswtt10200002v"}}
{"logTime": "0315/112918", "correlationVector":"IczEsgHmObpAYpf56bWLcc.2","action":"Commit Response", "result":"Success", "context":Result: Success. cV=IczEsgHmObpAYpf56bWLcc.0;server=akswtt10200002v;cloudType=Consumer;environment=Prod_southindia_prod-s01-004-apac-southindia;migrationStage=NotStarted}
{"logTime": "0315/113019", "correlationVector":"nmLdvUTOIW7Y2fF3Aa8QTb","action":"Commit Request", "result":"", "context":Item count: 8
Contributing types: Sessions, History}
{"logTime": "0315/113020", "correlationVector":"nmLdvUTOIW7Y2fF3Aa8QTb.1","action":"SyncServerConnectionManagerRequest", "result":"SYNC_SERVER_OK", "context":{"environment":"Prod_southindia_prod-s01-004-apac-southindia", "migrationStage":"NotStarted", "server":"akswtt10200002r"}}
{"logTime": "0315/113020", "correlationVector":"nmLdvUTOIW7Y2fF3Aa8QTb.2","action":"Commit Response", "result":"Success", "context":Result: Success. cV=nmLdvUTOIW7Y2fF3Aa8QTb.0;server=akswtt10200002r;cloudType=Consumer;environment=Prod_southindia_prod-s01-004-apac-southindia;migrationStage=NotStarted}
{"logTime": "0315/113026", "correlationVector":"85CLSsCOcWewtyg7m2zCXU","action":"Normal GetUpdate request", "result":"", "context":cV=85CLSsCOcWewtyg7m2zCXU
Notified types: Preferences, Device Info, History}
{"logTime": "0315/113027", "correlationVector":"85CLSsCOcWewtyg7m2zCXU.1","action":"SyncServerConnectionManagerRequest", "result":"SYNC_SERVER_OK", "context":{"environment":"Prod_southindia_prod-s01-004-apac-southindia", "migrationStage":"NotStarted", "server":"akswtt10200004h"}}
{"logTime": "0315/113027", "correlationVector":"85CLSsCOcWewtyg7m2zCXU.2","action":"ProcessGetUpdates", "result":"Done", "context":{"dataType":"Preferences", "deleted":"0", "process_failed_to_decrypt":"0", "process_pending_decryption":"0", "process_success":"5", "total":"5"}}
{"logTime": "0315/113027", "correlationVector":"85CLSsCOcWewtyg7m2zCXU.3","action":"ProcessGetUpdates", "result":"Done", "context":{"dataType":"Passwords", "deleted":"0", "process_failed_to_decrypt":"0", "process_pending_decryption":"0", "process_success":"73", "total":"73"}}
{"logTime": "0315/113027", "correlationVector":"85CLSsCOcWewtyg7m2zCXU.4","action":"ProcessGetUpdates", "result":"Done", "context":{"dataType":"Sessions", "deleted":"3", "process_failed_to_decrypt":"0", "process_pending_decryption":"0", "process_success":"7", "total":"7"}}
{"logTime": "0315/113027", "correlationVector":"85CLSsCOcWewtyg7m2zCXU.5","action":"ProcessGetUpdates", "result":"Done", "context":{"dataType":"Device Info", "deleted":"0", "process_failed_to_decrypt":"0", "process_pending_decryption":"0", "process_success":"2", "total":"2"}}
{"logTime": "0315/113027", "correlationVector":"85CLSsCOcWewtyg7m2zCXU.6","action":"ProcessGetUpdates", "result":"Done", "context":{"dataType":"History", "deleted":"0", "process_failed_to_decrypt":"0", "process_pending_decryption":"0", "process_success":"53", "total":"53"}}
{"logTime": "0315/113027", "correlationVector":"85CLSsCOcWewtyg7m2zCXU.7","action":"GetUpdates Response", "result":"Success", "context":Received 140 update(s). cV=85CLSsCOcWewtyg7m2zCXU.0;server=akswtt10200004h;cloudType=Consumer;environment=Prod_southindia_prod-s01-004-apac-southindia;migrationStage=NotStarted}
{"logTime": "0315/113027", "correlationVector":"QptqHnroDc6wPkwZeZf/Iq","action":"DoCompareDataConsistency requsted types: ", "result":"Bookmarks, Preferences, Passwords, Extensions, Extension settings, History Delete Directives, Send Tab To Self, Web Apps, History, Saved Tab Group, WebAuthn Credentials, Collection, Edge E Drop, Edge Wallet, Edge Workspace, Encryption Keys"}
{"logTime": "0315/113027", "correlationVector":"QptqHnroDc6wPkwZeZf/Iq.0","action":"CompareDataConsistency result: ", "result":"Compare result: Encryption Keys is consistent. local entities count is: 1 local entities hash is: iwNahOR3LTuTiPz1UdjFC02K79U="}
{"logTime": "0315/113027", "correlationVector":"QptqHnroDc6wPkwZeZf/Iq.1","action":"CompareDataConsistency result: ", "result":"Compare result: Bookmarks is consistent. local entities count is: 13 local entities hash is: LqZwuMWqVX1lBozItuyPmQWqeEs="}
{"logTime": "0315/113027", "correlationVector":"QptqHnroDc6wPkwZeZf/Iq.2","action":"CompareDataConsistency result: ", "result":"Compare result: Preferences is consistent. local entities count is: 90 local entities hash is: /x2aJG2VAMMkAY/WHk/FbFiwN6Q="}
{"logTime": "0315/113027", "correlationVector":"QptqHnroDc6wPkwZeZf/Iq.3","action":"CompareDataConsistency result: ", "result":"Compare result: Extensions is consistent. local entities count is: 3 local entities hash is: eiKmL10feqY5aJuL6n0ErJbTIEw="}
{"logTime": "0315/113027", "correlationVector":"QptqHnroDc6wPkwZeZf/Iq.4","action":"CompareDataConsistency result: ", "result":"Compare result: Extension settings is consistent. local entities count is: 5 local entities hash is: mouD1nQdUDSRns0nt3YEgjITO3A="}
{"logTime": "0315/113027", "correlationVector":"QptqHnroDc6wPkwZeZf/Iq.5","action":"CompareDataConsistency result: ", "result":"Compare result: History Delete Directives is consistent. local entities count is: 0 local entities hash is: "}
{"logTime": "0315/113027", "correlationVector":"QptqHnroDc6wPkwZeZf/Iq.6","action":"CompareDataConsistency result: ", "result":"Server did not send this Send Tab To Self local entities count is: 0 local entities hash is: "}
{"logTime": "0315/113027", "correlationVector":"QptqHnroDc6wPkwZeZf/Iq.7","action":"CompareDataConsistency result: ", "result":"Compare result: Web Apps is consistent. local entities count is: 0 local entities hash is: "}
{"logTime": "0315/113027", "correlationVector":"QptqHnroDc6wPkwZeZf/Iq.8","action":"CompareDataConsistency result: ", "result":"Server did not send this History local entities count is: 0 local entities hash is: "}
{"logTime": "0315/113027", "correlationVector":"QptqHnroDc6wPkwZeZf/Iq.9","action":"CompareDataConsistency result: ", "result":"Compare result: Saved Tab Group is consistent. local entities count is: 0 local entities hash is: "}
{"logTime": "0315/113027", "correlationVector":"QptqHnroDc6wPkwZeZf/Iq.10","action":"CompareDataConsistency result: ", "result":"Server did not send this WebAuthn Credentials local entities count is: 1 local entities hash is: nmzI9HsTrlcwVqMs4C1EUwWUQzQ="}
{"logTime": "0315/113027", "correlationVector":"QptqHnroDc6wPkwZeZf/Iq.11","action":"CompareDataConsistency result: ", "result":"Compare result: Collection is consistent. local entities count is: 0 local entities hash is: "}
{"logTime": "0315/113027", "correlationVector":"QptqHnroDc6wPkwZeZf/Iq.12","action":"CompareDataConsistency result: ", "result":"Compare result: Edge E Drop is consistent. local entities count is: 0 local entities hash is: "}
{"logTime": "0315/113027", "correlationVector":"QptqHnroDc6wPkwZeZf/Iq.13","action":"CompareDataConsistency result: ", "result":"Compare result: Edge Wallet is consistent. local entities count is: 0 local entities hash is: "}
{"logTime": "0315/113027", "correlationVector":"QptqHnroDc6wPkwZeZf/Iq.14","action":"CompareDataConsistency result: ", "result":"Server did not send this Edge Workspace local entities count is: 0 local entities hash is: "}
{"logTime": "0315/113027", "correlationVector":"QptqHnroDc6wPkwZeZf/Iq.15","action":"CompareDataConsistency result: ", "result":"Compare result: Passwords is consistent. local entities count is: 78 local entities hash is: Q/f7CEGRUy4CabeEE+76gYPfp/8="}
{"logTime": "0315/113028", "correlationVector":"","action":"DIAGNOSTIC_REQUEST|v1/diagnosticData/Diagnostic.SendCheckResult()|SUCCESS", "result":""}
{"logTime": "0315/113028", "correlationVector":"bUC6/HifpOprguRlMtfZCk","action":"Normal GetUpdate request", "result":"", "context":cV=bUC6/HifpOprguRlMtfZCk
Notified types: History}
{"logTime": "0315/113028", "correlationVector":"bUC6/HifpOprguRlMtfZCk.1","action":"SyncServerConnectionManagerRequest", "result":"SYNC_SERVER_OK", "context":{"environment":"Prod_southindia_prod-s01-004-apac-southindia", "migrationStage":"NotStarted", "server":"akswtt10200002w"}}
{"logTime": "0315/113028", "correlationVector":"bUC6/HifpOprguRlMtfZCk.2","action":"ProcessGetUpdates", "result":"Done", "context":{"dataType":"Sessions", "deleted":"0", "process_failed_to_decrypt":"0", "process_pending_decryption":"0", "process_success":"1", "total":"1"}}
{"logTime": "0315/113028", "correlationVector":"bUC6/HifpOprguRlMtfZCk.3","action":"ProcessGetUpdates", "result":"Done", "context":{"dataType":"Device Info", "deleted":"0", "process_failed_to_decrypt":"0", "process_pending_decryption":"0", "process_success":"1", "total":"1"}}
{"logTime": "0315/113028", "correlationVector":"bUC6/HifpOprguRlMtfZCk.4","action":"ProcessGetUpdates", "result":"Done", "context":{"dataType":"History", "deleted":"0", "process_failed_to_decrypt":"0", "process_pending_decryption":"0", "process_success":"3", "total":"3"}}
{"logTime": "0315/113028", "correlationVector":"bUC6/HifpOprguRlMtfZCk.5","action":"GetUpdates Response", "result":"Success", "context":Received 5 update(s). cV=bUC6/HifpOprguRlMtfZCk.0;server=akswtt10200002w;cloudType=Consumer;environment=Prod_southindia_prod-s01-004-apac-southindia;migrationStage=NotStarted}
{"logTime": "0315/113028", "correlationVector":"IDhaLsN5dhsX19YifppAnU","action":"Normal GetUpdate request", "result":"", "context":cV=IDhaLsN5dhsX19YifppAnU
Notified types: Device Info, History}
{"logTime": "0315/113029", "correlationVector":"IDhaLsN5dhsX19YifppAnU.1","action":"SyncServerConnectionManagerRequest", "result":"SYNC_SERVER_OK", "context":{"environment":"Prod_southindia_prod-s01-004-apac-southindia", "migrationStage":"NotStarted", "server":"akswtt10200002x"}}
{"logTime": "0315/113029", "correlationVector":"IDhaLsN5dhsX19YifppAnU.2","action":"GetUpdates Response", "result":"Success", "context":Received 0 update(s). cV=IDhaLsN5dhsX19YifppAnU.0;server=akswtt10200002x;cloudType=Consumer;environment=Prod_southindia_prod-s01-004-apac-southindia;migrationStage=NotStarted}
{"logTime": "0315/113225", "correlationVector":"UXTkrDzFGuS0Bys0Bme+I9.1","action":"SyncServerConnectionManagerRequest", "result":"SYNC_SERVER_OK", "context":{"environment":"Prod_southindia_prod-s01-004-apac-southindia", "migrationStage":"NotStarted", "server":"akswtt10200004c"}}
{"logTime": "0315/113225", "correlationVector":"UXTkrDzFGuS0Bys0Bme+I9.2","action":"ProcessGetUpdates", "result":"Done", "context":{"dataType":"Encryption Keys", "deleted":"0", "process_failed_to_decrypt":"0", "process_pending_decryption":"0", "process_success":"1", "total":"1"}}
{"logTime": "0315/113225", "correlationVector":"eW69NbpZxYa2y3OsLFeJW0","action":"SyncServerConnectionManagerRequest", "result":"SYNC_SERVER_OK", "context":{"environment":"", "migrationStage":"", "server":""}}
{"logTime": "0315/113225", "correlationVector":"eW69NbpZxYa2y3OsLFeJW0.0","action":"EncryptionKeysFetcher.DownloadKeys:", "result":"Success", "context":Key count: 4, Last key timestamp: 2025-11-10T06:53:45Z}
{"logTime": "0315/113225", "correlationVector":"eW69NbpZxYa2y3OsLFeJW0.1","action":"EncryptionKeysManager::SetEncryptionKeys:", "result":"Success", "context":Key names[4]:[bZk0dvea6YlXjGvSMAAhuLFH6pT9gC/LOr4sd14S5VmsbA9z4Vn9Vl31fOQGeNKorXRzomJcez/1UvP1+isgSQ==][69tJR12ZDoBS7sbJvLkg7SISS0ycoWanhAh5Ei8vXHiLsWnTmSeLc8lgpZ/1jelZhPkFHRamEz79JMd2mjdb4w==][4TRdbWYmipWlrdlUzyOW+lsCrAAMioIZNqiv9QEizEWcwMVOzwBvJZds4yqs6QmdB3523XbKGpRIoW7vd1aoJQ==][d2wYuWIok83T/sUxDoNztBvKYqWwmHiSW3EUVZvl43A0X0QpoBqhxDITw747fF3or5dPRdxGaZXH43vskYmh8Q==]}
{"logTime": "0315/113225", "correlationVector":"eW69NbpZxYa2y3OsLFeJW0.2","action":"EncryptionKeysManager::SetEncryptionKeysWithTimestamps:", "result":"Success", "context":Key timestamps[4]:[2024-05-17T06:45:41Z][2024-11-14T10:28:19Z][2025-05-14T05:08:01Z][2025-11-10T06:53:45Z]}
{"logTime": "0315/113225", "correlationVector":"UXTkrDzFGuS0Bys0Bme+I9","action":"Initial GetUpdates", "result":"", "context":Reason: NEW_CLIENT. cV=UXTkrDzFGuS0Bys0Bme+I9}
{"logTime": "0315/113225", "correlationVector":"UXTkrDzFGuS0Bys0Bme+I9.3","action":"GetUpdates Response", "result":"Success", "context":Received 1 update(s). cV=UXTkrDzFGuS0Bys0Bme+I9.0;server=akswtt10200004c;cloudType=Consumer;environment=Prod_southindia_prod-s01-004-apac-southindia;migrationStage=NotStarted}
{"logTime": "0315/113225", "correlationVector":"D2NqWjmuS75IZxqgR034f9","action":"Initial GetUpdates", "result":"", "context":Reason: NEWLY_SUPPORTED_DATATYPE. cV=D2NqWjmuS75IZxqgR034f9}
{"logTime": "0315/113226", "correlationVector":"D2NqWjmuS75IZxqgR034f9.1","action":"SyncServerConnectionManagerRequest", "result":"SYNC_SERVER_OK", "context":{"environment":"Prod_southindia_prod-s01-004-apac-southindia", "migrationStage":"NotStarted", "server":"akswtt102000042"}}
{"logTime": "0315/113226", "correlationVector":"D2NqWjmuS75IZxqgR034f9.2","action":"ProcessGetUpdates", "result":"Done", "context":{"dataType":"Passwords", "deleted":"0", "process_failed_to_decrypt":"0", "process_pending_decryption":"0", "process_success":"78", "total":"78"}}
{"logTime": "0315/113226", "correlationVector":"D2NqWjmuS75IZxqgR034f9.3","action":"GetUpdates Response", "result":"Success", "context":Received 78 update(s). cV=D2NqWjmuS75IZxqgR034f9.0;server=akswtt102000042;cloudType=Consumer;environment=Prod_southindia_prod-s01-004-apac-southindia;migrationStage=NotStarted}
{"logTime": "0315/113226", "correlationVector":"4cWHDal4Ol6c+3lz5oO1nP","action":"Normal GetUpdate request", "result":"", "context":cV=4cWHDal4Ol6c+3lz5oO1nP
Nudged types: Sessions, Device Info, History
Refresh requested types: Bookmarks, Preferences, Passwords, Autofill Profiles, Autofill, Extensions, Sessions, Extension settings, History Delete Directives, Device Info, User Consents, Send Tab To Self, Web Apps, History, Saved Tab Group, WebAuthn Credentials, Collection, Edge E Drop, Edge Hub App Usage, Edge Wallet, Edge Workspace, Encryption Keys}
{"logTime": "0315/113226", "correlationVector":"4cWHDal4Ol6c+3lz5oO1nP.1","action":"SyncServerConnectionManagerRequest", "result":"SYNC_SERVER_OK", "context":{"environment":"Prod_southindia_prod-s01-004-apac-southindia", "migrationStage":"NotStarted", "server":"akswtt102000047"}}
{"logTime": "0315/113226", "correlationVector":"4cWHDal4Ol6c+3lz5oO1nP.2","action":"GetUpdates Response", "result":"Success", "context":Received 0 update(s). cV=4cWHDal4Ol6c+3lz5oO1nP.0;server=akswtt102000047;cloudType=Consumer;environment=Prod_southindia_prod-s01-004-apac-southindia;migrationStage=NotStarted}
{"logTime": "0315/113226", "correlationVector":"xzdNAJLAbNUdMvnb66WT9c","action":"Commit Request", "result":"", "context":Item count: 6
Contributing types: Sessions, Device Info, History}
{"logTime": "0315/113227", "correlationVector":"xzdNAJLAbNUdMvnb66WT9c.1","action":"SyncServerConnectionManagerRequest", "result":"SYNC_SERVER_OK", "context":{"environment":"Prod_southindia_prod-s01-004-apac-southindia", "migrationStage":"NotStarted", "server":"akswtt10200004i"}}
{"logTime": "0315/113227", "correlationVector":"xzdNAJLAbNUdMvnb66WT9c.3","action":"Commit.Sessions", "result":"Success", "context":{"id":"4bf1d2f8-85d9-4c8b-a68c-b5e3d3eaf7c0", "isDeleted":"true", "size":"0", "version":"1773574242973"}}
{"logTime": "0315/113227", "correlationVector":"xzdNAJLAbNUdMvnb66WT9c.2","action":"Commit Response", "result":"Success", "context":Result: Success. cV=xzdNAJLAbNUdMvnb66WT9c.0;server=akswtt10200004i;cloudType=Consumer;environment=Prod_southindia_prod-s01-004-apac-southindia;migrationStage=NotStarted}
{"logTime": "0315/113236", "correlationVector":"ir8GHQoQKQ/ISKVYTjI8xB","action":"Commit Request", "result":"", "context":Item count: 40
Contributing types: Passwords}
{"logTime": "0315/113238", "correlationVector":"ir8GHQoQKQ/ISKVYTjI8xB.1","action":"SyncServerConnectionManagerRequest", "result":"SYNC_SERVER_OK", "context":{"environment":"Prod_southindia_prod-s01-004-apac-southindia", "migrationStage":"NotStarted", "server":"akswtt102000047"}}
{"logTime": "0315/113238", "correlationVector":"ir8GHQoQKQ/ISKVYTjI8xB.2","action":"Commit Response", "result":"Success", "context":Result: Success. cV=ir8GHQoQKQ/ISKVYTjI8xB.0;server=akswtt102000047;cloudType=Consumer;environment=Prod_southindia_prod-s01-004-apac-southindia;migrationStage=NotStarted}
{"logTime": "0315/113239", "correlationVector":"JKVer3zBNun8wWu5K0Bfiy","action":"Commit Request", "result":"", "context":Item count: 37
Contributing types: Preferences, Passwords, Sessions, History}
{"logTime": "0315/113241", "correlationVector":"JKVer3zBNun8wWu5K0Bfiy.1","action":"SyncServerConnectionManagerRequest", "result":"SYNC_SERVER_OK", "context":{"environment":"Prod_southindia_prod-s01-004-apac-southindia", "migrationStage":"NotStarted", "server":"akswtt102000047"}}
{"logTime": "0315/113241", "correlationVector":"JKVer3zBNun8wWu5K0Bfiy.2","action":"Commit Response", "result":"Success", "context":Result: Success. cV=JKVer3zBNun8wWu5K0Bfiy.0;server=akswtt102000047;cloudType=Consumer;environment=Prod_southindia_prod-s01-004-apac-southindia;migrationStage=NotStarted}
{"logTime": "0315/113313", "correlationVector":"w4bKp/0i5WYN3F6DnEs6nb","action":"Commit Request", "result":"", "context":Item count: 4
Contributing types: Preferences, Sessions, History}
{"logTime": "0315/113313", "correlationVector":"w4bKp/0i5WYN3F6DnEs6nb.1","action":"SyncServerConnectionManagerRequest", "result":"SYNC_SERVER_OK", "context":{"environment":"Prod_southindia_prod-s01-004-apac-southindia", "migrationStage":"NotStarted", "server":"akswtt102000035"}}
{"logTime": "0315/113313", "correlationVector":"w4bKp/0i5WYN3F6DnEs6nb.2","action":"Commit Response", "result":"Success", "context":Result: Success. cV=w4bKp/0i5WYN3F6DnEs6nb.0;server=akswtt102000035;cloudType=Consumer;environment=Prod_southindia_prod-s01-004-apac-southindia;migrationStage=NotStarted}
{"logTime": "0315/113529", "correlationVector":"EoR3myxo+1Ozj8DZklyj/v","action":"Commit Request", "result":"", "context":Item count: 6
Contributing types: Sessions, History}
{"logTime": "0315/113530", "correlationVector":"EoR3myxo+1Ozj8DZklyj/v.1","action":"SyncServerConnectionManagerRequest", "result":"SYNC_SERVER_OK", "context":{"environment":"Prod_southindia_prod-s01-004-apac-southindia", "migrationStage":"NotStarted", "server":"akswtt102000042"}}
{"logTime": "0315/113530", "correlationVector":"EoR3myxo+1Ozj8DZklyj/v.2","action":"Commit Response", "result":"Success", "context":Result: Success. cV=EoR3myxo+1Ozj8DZklyj/v.0;server=akswtt102000042;cloudType=Consumer;environment=Prod_southindia_prod-s01-004-apac-southindia;migrationStage=NotStarted}
{"logTime": "0315/113630", "correlationVector":"gmvcJEcS27izcj5HFXkUBe","action":"Commit Request", "result":"", "context":Item count: 8
Contributing types: Sessions, History}
{"logTime": "0315/113631", "correlationVector":"gmvcJEcS27izcj5HFXkUBe.1","action":"SyncServerConnectionManagerRequest", "result":"SYNC_SERVER_OK", "context":{"environment":"Prod_southindia_prod-s01-004-apac-southindia", "migrationStage":"NotStarted", "server":"akswtt102000005"}}
{"logTime": "0315/113631", "correlationVector":"gmvcJEcS27izcj5HFXkUBe.2","action":"Commit Response", "result":"Success", "context":Result: Success. cV=gmvcJEcS27izcj5HFXkUBe.0;server=akswtt102000005;cloudType=Consumer;environment=Prod_southindia_prod-s01-004-apac-southindia;migrationStage=NotStarted}
{"logTime": "0315/113817", "correlationVector":"NVmzR8XZfwJwg8r1yyWKxA","action":"Commit Request", "result":"", "context":Item count: 7
Contributing types: Sessions, History}
{"logTime": "0315/113817", "correlationVector":"NVmzR8XZfwJwg8r1yyWKxA.1","action":"SyncServerConnectionManagerRequest", "result":"SYNC_SERVER_OK", "context":{"environment":"Prod_southindia_prod-s01-004-apac-southindia", "migrationStage":"NotStarted", "server":"akswtt102000042"}}
{"logTime": "0315/113817", "correlationVector":"NVmzR8XZfwJwg8r1yyWKxA.2","action":"Commit Response", "result":"Success", "context":Result: Success. cV=NVmzR8XZfwJwg8r1yyWKxA.0;server=akswtt102000042;cloudType=Consumer;environment=Prod_southindia_prod-s01-004-apac-southindia;migrationStage=NotStarted}
{"logTime": "0315/114006", "correlationVector":"SqOkmxREjObFvcOUdwIwQZ","action":"Commit Request", "result":"", "context":Item count: 3
Contributing types: Sessions, History}
{"logTime": "0315/114007", "correlationVector":"SqOkmxREjObFvcOUdwIwQZ.1","action":"SyncServerConnectionManagerRequest", "result":"SYNC_SERVER_OK", "context":{"environment":"Prod_southindia_prod-s01-004-apac-southindia", "migrationStage":"NotStarted", "server":"akswtt102000042"}}
{"logTime": "0315/114007", "correlationVector":"SqOkmxREjObFvcOUdwIwQZ.2","action":"Commit Response", "result":"Success", "context":Result: Success. cV=SqOkmxREjObFvcOUdwIwQZ.0;server=akswtt102000042;cloudType=Consumer;environment=Prod_southindia_prod-s01-004-apac-southindia;migrationStage=NotStarted}
{"logTime": "0315/114348", "correlationVector":"3tiaQ60nph8diyI6PZXJMP","action":"Commit Request", "result":"", "context":Item count: 1
Contributing types: Sessions}
{"logTime": "0315/114348", "correlationVector":"3tiaQ60nph8diyI6PZXJMP.1","action":"SyncServerConnectionManagerRequest", "result":"SYNC_SERVER_OK", "context":{"environment":"Prod_southindia_prod-s01-004-apac-southindia", "migrationStage":"NotStarted", "server":"akswtt10200002i"}}
{"logTime": "0315/114348", "correlationVector":"3tiaQ60nph8diyI6PZXJMP.2","action":"Commit Response", "result":"Success", "context":Result: Success. cV=3tiaQ60nph8diyI6PZXJMP.0;server=akswtt10200002i;cloudType=Consumer;environment=Prod_southindia_prod-s01-004-apac-southindia;migrationStage=NotStarted}
{"logTime": "0315/114507", "correlationVector":"3nlHB3FeE+z9Wr050nKVDn","action":"Commit Request", "result":"", "context":Item count: 3
Contributing types: Sessions, History}
{"logTime": "0315/114508", "correlationVector":"3nlHB3FeE+z9Wr050nKVDn.1","action":"SyncServerConnectionManagerRequest", "result":"SYNC_SERVER_OK", "context":{"environment":"Prod_southindia_prod-s01-004-apac-southindia", "migrationStage":"NotStarted", "server":"akswtt10200004k"}}
{"logTime": "0315/114508", "correlationVector":"3nlHB3FeE+z9Wr050nKVDn.2","action":"Commit Response", "result":"Success", "context":Result: Success. cV=3nlHB3FeE+z9Wr050nKVDn.0;server=akswtt10200004k;cloudType=Consumer;environment=Prod_southindia_prod-s01-004-apac-southindia;migrationStage=NotStarted}
{"logTime": "0315/114857", "correlationVector":"x3SxwWduVOVZZ2JGyu9deV","action":"Commit Request", "result":"", "context":Item count: 7
Contributing types: Sessions, History}
{"logTime": "0315/114858", "correlationVector":"x3SxwWduVOVZZ2JGyu9deV.1","action":"SyncServerConnectionManagerRequest", "result":"SYNC_SERVER_OK", "context":{"environment":"Prod_southindia_prod-s01-004-apac-southindia", "migrationStage":"NotStarted", "server":"akswtt10200004j"}}
{"logTime": "0315/114858", "correlationVector":"x3SxwWduVOVZZ2JGyu9deV.2","action":"Commit Response", "result":"Success", "context":Result: Success. cV=x3SxwWduVOVZZ2JGyu9deV.0;server=akswtt10200004j;cloudType=Consumer;environment=Prod_southindia_prod-s01-004-apac-southindia;migrationStage=NotStarted}
{"logTime": "0315/115013", "correlationVector":"lojEW5iBMWsL7uH6OdP32L","action":"Commit Request", "result":"", "context":Item count: 4
Contributing types: Sessions, History}
{"logTime": "0315/115014", "correlationVector":"lojEW5iBMWsL7uH6OdP32L.1","action":"SyncServerConnectionManagerRequest", "result":"SYNC_SERVER_OK", "context":{"environment":"Prod_southindia_prod-s01-004-apac-southindia", "migrationStage":"NotStarted", "server":"akswtt10200002o"}}
{"logTime": "0315/115014", "correlationVector":"lojEW5iBMWsL7uH6OdP32L.2","action":"Commit Response", "result":"Success", "context":Result: Success. cV=lojEW5iBMWsL7uH6OdP32L.0;server=akswtt10200002o;cloudType=Consumer;environment=Prod_southindia_prod-s01-004-apac-southindia;migrationStage=NotStarted}
{"logTime": "0315/115410", "correlationVector":"gQit4TN58KkHSTUJmrPoQE","action":"Commit Request", "result":"", "context":Item count: 3
Contributing types: Sessions, History}
{"logTime": "0315/115411", "correlationVector":"gQit4TN58KkHSTUJmrPoQE.1","action":"SyncServerConnectionManagerRequest", "result":"SYNC_SERVER_OK", "context":{"environment":"Prod_southindia_prod-s01-004-apac-southindia", "migrationStage":"NotStarted", "server":"akswtt102000040"}}
{"logTime": "0315/115411", "correlationVector":"gQit4TN58KkHSTUJmrPoQE.2","action":"Commit Response", "result":"Success", "context":Result: Success. cV=gQit4TN58KkHSTUJmrPoQE.0;server=akswtt102000040;cloudType=Consumer;environment=Prod_southindia_prod-s01-004-apac-southindia;migrationStage=NotStarted}
{"logTime": "0315/120410", "correlationVector":"O8l4nyJ9TznrNvecESV+1Y","action":"Commit Request", "result":"", "context":Item count: 5
Contributing types: Sessions, History}
{"logTime": "0315/120412", "correlationVector":"O8l4nyJ9TznrNvecESV+1Y.1","action":"SyncServerConnectionManagerRequest", "result":"SYNC_SERVER_OK", "context":{"environment":"Prod_southindia_prod-s01-004-apac-southindia", "migrationStage":"NotStarted", "server":"akswtt102000039"}}
{"logTime": "0315/120412", "correlationVector":"O8l4nyJ9TznrNvecESV+1Y.2","action":"Commit Response", "result":"Success", "context":Result: Success. cV=O8l4nyJ9TznrNvecESV+1Y.0;server=akswtt102000039;cloudType=Consumer;environment=Prod_southindia_prod-s01-004-apac-southindia;migrationStage=NotStarted}
{"logTime": "0315/120613", "correlationVector":"h6YR5T2nkZnYJb7QkZhjH5","action":"Commit Request", "result":"", "context":Item count: 8
Contributing types: Sessions, History}
{"logTime": "0315/120614", "correlationVector":"h6YR5T2nkZnYJb7QkZhjH5.1","action":"SyncServerConnectionManagerRequest", "result":"SYNC_SERVER_OK", "context":{"environment":"Prod_southindia_prod-s01-004-apac-southindia", "migrationStage":"NotStarted", "server":"akswtt10200002w"}}
{"logTime": "0315/120614", "correlationVector":"h6YR5T2nkZnYJb7QkZhjH5.2","action":"Commit Response", "result":"Success", "context":Result: Success. cV=h6YR5T2nkZnYJb7QkZhjH5.0;server=akswtt10200002w;cloudType=Consumer;environment=Prod_southindia_prod-s01-004-apac-southindia;migrationStage=NotStarted}
{"logTime": "0315/120950", "correlationVector":"OSjeHM1LK1veXdpOakWQ8M","action":"Commit Request", "result":"", "context":Item count: 3
Contributing types: Sessions, History}
{"logTime": "0315/120951", "correlationVector":"OSjeHM1LK1veXdpOakWQ8M.1","action":"SyncServerConnectionManagerRequest", "result":"SYNC_SERVER_OK", "context":{"environment":"Prod_southindia_prod-s01-004-apac-southindia", "migrationStage":"NotStarted", "server":"akswtt102000042"}}
{"logTime": "0315/120951", "correlationVector":"OSjeHM1LK1veXdpOakWQ8M.2","action":"Commit Response", "result":"Success", "context":Result: Success. cV=OSjeHM1LK1veXdpOakWQ8M.0;server=akswtt102000042;cloudType=Consumer;environment=Prod_southindia_prod-s01-004-apac-southindia;migrationStage=NotStarted}
{"logTime": "0315/121126", "correlationVector":"J8dGlRGFbrxPe5TLKKweyA","action":"Commit Request", "result":"", "context":Item count: 3
Contributing types: Sessions, History}
{"logTime": "0315/121127", "correlationVector":"J8dGlRGFbrxPe5TLKKweyA.1","action":"SyncServerConnectionManagerRequest", "result":"SYNC_SERVER_OK", "context":{"environment":"Prod_southindia_prod-s01-004-apac-southindia", "migrationStage":"NotStarted", "server":"akswtt10200002p"}}
{"logTime": "0315/121127", "correlationVector":"J8dGlRGFbrxPe5TLKKweyA.2","action":"Commit Response", "result":"Success", "context":Result: Success. cV=J8dGlRGFbrxPe5TLKKweyA.0;server=akswtt10200002p;cloudType=Consumer;environment=Prod_southindia_prod-s01-004-apac-southindia;migrationStage=NotStarted}
{"logTime": "0315/121328", "correlationVector":"N8VqQ1//TbtI3axq+aR9d+","action":"Commit Request", "result":"", "context":Item count: 3
Contributing types: Sessions, History}
{"logTime": "0315/121329", "correlationVector":"N8VqQ1//TbtI3axq+aR9d+.1","action":"SyncServerConnectionManagerRequest", "result":"SYNC_SERVER_OK", "context":{"environment":"Prod_southindia_prod-s01-004-apac-southindia", "migrationStage":"NotStarted", "server":"akswtt10200002n"}}
{"logTime": "0315/121329", "correlationVector":"N8VqQ1//TbtI3axq+aR9d+.2","action":"Commit Response", "result":"Success", "context":Result: Success. cV=N8VqQ1//TbtI3axq+aR9d+.0;server=akswtt10200002n;cloudType=Consumer;environment=Prod_southindia_prod-s01-004-apac-southindia;migrationStage=NotStarted}
{"logTime": "0315/121703", "correlationVector":"1HNyw5ySubo4ouKQd0mDcv","action":"Commit Request", "result":"", "context":Item count: 1
Contributing types: Sessions}
{"logTime": "0315/121703", "correlationVector":"1HNyw5ySubo4ouKQd0mDcv.1","action":"SyncServerConnectionManagerRequest", "result":"SYNC_SERVER_OK", "context":{"environment":"Prod_southindia_prod-s01-004-apac-southindia", "migrationStage":"NotStarted", "server":"akswtt10200004c"}}
{"logTime": "0315/121703", "correlationVector":"1HNyw5ySubo4ouKQd0mDcv.2","action":"Commit Response", "result":"Success", "context":Result: Success. cV=1HNyw5ySubo4ouKQd0mDcv.0;server=akswtt10200004c;cloudType=Consumer;environment=Prod_southindia_prod-s01-004-apac-southindia;migrationStage=NotStarted}
{"logTime": "0315/121717", "correlationVector":"aggW1bkAvFhe5W77RiJWYk","action":"Commit Request", "result":"", "context":Item count: 4
Contributing types: Preferences, Sessions, History}
{"logTime": "0315/121718", "correlationVector":"aggW1bkAvFhe5W77RiJWYk.1","action":"SyncServerConnectionManagerRequest", "result":"SYNC_SERVER_OK", "context":{"environment":"Prod_southindia_prod-s01-004-apac-southindia", "migrationStage":"NotStarted", "server":"akswtt102000044"}}
{"logTime": "0315/121718", "correlationVector":"aggW1bkAvFhe5W77RiJWYk.2","action":"Commit Response", "result":"Success", "context":Result: Success. cV=aggW1bkAvFhe5W77RiJWYk.0;server=akswtt102000044;cloudType=Consumer;environment=Prod_southindia_prod-s01-004-apac-southindia;migrationStage=NotStarted}
{"logTime": "0315/121922", "correlationVector":"dhtrPv9QuvA3il0/EoKP4i","action":"Commit Request", "result":"", "context":Item count: 1
Contributing types: Device Info}
{"logTime": "0315/121923", "correlationVector":"dhtrPv9QuvA3il0/EoKP4i.1","action":"SyncServerConnectionManagerRequest", "result":"SYNC_SERVER_OK", "context":{"environment":"Prod_southindia_prod-s01-004-apac-southindia", "migrationStage":"NotStarted", "server":"akswtt102000039"}}
{"logTime": "0315/121923", "correlationVector":"dhtrPv9QuvA3il0/EoKP4i.2","action":"Commit Response", "result":"Success", "context":Result: Success. cV=dhtrPv9QuvA3il0/EoKP4i.0;server=akswtt102000039;cloudType=Consumer;environment=Prod_southindia_prod-s01-004-apac-southindia;migrationStage=NotStarted}
{"logTime": "0315/122107", "correlationVector":"S/9CfboFXrW/tiaVHRhP7p","action":"Commit Request", "result":"", "context":Item count: 3
Contributing types: Sessions, History}
{"logTime": "0315/122107", "correlationVector":"S/9CfboFXrW/tiaVHRhP7p.1","action":"SyncServerConnectionManagerRequest", "result":"SYNC_SERVER_OK", "context":{"environment":"Prod_southindia_prod-s01-004-apac-southindia", "migrationStage":"NotStarted", "server":"akswtt10200002r"}}
{"logTime": "0315/122107", "correlationVector":"S/9CfboFXrW/tiaVHRhP7p.2","action":"Commit Response", "result":"Success", "context":Result: Success. cV=S/9CfboFXrW/tiaVHRhP7p.0;server=akswtt10200002r;cloudType=Consumer;environment=Prod_southindia_prod-s01-004-apac-southindia;migrationStage=NotStarted}
{"logTime": "0315/123015", "correlationVector":"SSRqBNTfUFkOMs+cNVCozm","action":"Commit Request", "result":"", "context":Item count: 1
Contributing types: Sessions}
{"logTime": "0315/123015", "correlationVector":"SSRqBNTfUFkOMs+cNVCozm.1","action":"SyncServerConnectionManagerRequest", "result":"SYNC_AUTH_ERROR", "context":{"environment":"Prod_southindia_prod-s01-004-apac-southindia", "migrationStage":"NotStarted", "server":"akswtt10200002b"}}
{"logTime": "0315/123015", "correlationVector":"SSRqBNTfUFkOMs+cNVCozm.2","action":"Commit Response", "result":"HTTP error (401)", "context":Result: HTTP error (401). cV=SSRqBNTfUFkOMs+cNVCozm.0;server=akswtt10200002b;cloudType=Undetermined;environment=Prod_southindia_prod-s01-004-apac-southindia;migrationStage=NotStarted}
{"logTime": "0315/123016", "correlationVector":"+INcPW9Su93U3RTZXv5iiT","action":"Commit Request", "result":"", "context":Item count: 1
Contributing types: Sessions}
{"logTime": "0315/123016", "correlationVector":"+INcPW9Su93U3RTZXv5iiT.1","action":"SyncServerConnectionManagerRequest", "result":"SYNC_SERVER_OK", "context":{"environment":"Prod_southindia_prod-s01-004-apac-southindia", "migrationStage":"NotStarted", "server":"akswtt10200002b"}}
{"logTime": "0315/123016", "correlationVector":"+INcPW9Su93U3RTZXv5iiT.2","action":"Commit Response", "result":"Success", "context":Result: Success. cV=+INcPW9Su93U3RTZXv5iiT.0;server=akswtt10200002b;cloudType=Consumer;environment=Prod_southindia_prod-s01-004-apac-southindia;migrationStage=NotStarted}
{"logTime": "0315/123130", "correlationVector":"KoisGIjFIgAc59R6YrmMEo","action":"Commit Request", "result":"", "context":Item count: 6
Contributing types: Sessions, History}
{"logTime": "0315/123131", "correlationVector":"KoisGIjFIgAc59R6YrmMEo.1","action":"SyncServerConnectionManagerRequest", "result":"SYNC_SERVER_OK", "context":{"environment":"Prod_southindia_prod-s01-004-apac-southindia", "migrationStage":"NotStarted", "server":"akswtt10200004g"}}
{"logTime": "0315/123131", "correlationVector":"KoisGIjFIgAc59R6YrmMEo.2","action":"Commit Response", "result":"Success", "context":Result: Success. cV=KoisGIjFIgAc59R6YrmMEo.0;server=akswtt10200004g;cloudType=Consumer;environment=Prod_southindia_prod-s01-004-apac-southindia;migrationStage=NotStarted}
{"logTime": "0315/123428", "correlationVector":"SkwFXhkGaHI4tBgXtJfzlG","action":"Commit Request", "result":"", "context":Item count: 6
Contributing types: Sessions, History}
{"logTime": "0315/123429", "correlationVector":"SkwFXhkGaHI4tBgXtJfzlG.1","action":"SyncServerConnectionManagerRequest", "result":"SYNC_SERVER_OK", "context":{"environment":"Prod_southindia_prod-s01-004-apac-southindia", "migrationStage":"NotStarted", "server":"akswtt10200002s"}}
{"logTime": "0315/123429", "correlationVector":"SkwFXhkGaHI4tBgXtJfzlG.2","action":"Commit Response", "result":"Success", "context":Result: Success. cV=SkwFXhkGaHI4tBgXtJfzlG.0;server=akswtt10200002s;cloudType=Consumer;environment=Prod_southindia_prod-s01-004-apac-southindia;migrationStage=NotStarted}
{"logTime": "0315/123532", "correlationVector":"L7a+SEDxkDPbhJ4DKuW4SU","action":"Commit Request", "result":"", "context":Item count: 8
Contributing types: Sessions, History}
{"logTime": "0315/123533", "correlationVector":"L7a+SEDxkDPbhJ4DKuW4SU.1","action":"SyncServerConnectionManagerRequest", "result":"SYNC_SERVER_OK", "context":{"environment":"Prod_southindia_prod-s01-004-apac-southindia", "migrationStage":"NotStarted", "server":"akswtt10200002s"}}
{"logTime": "0315/123533", "correlationVector":"L7a+SEDxkDPbhJ4DKuW4SU.2","action":"Commit Response", "result":"Success", "context":Result: Success. cV=L7a+SEDxkDPbhJ4DKuW4SU.0;server=akswtt10200002s;cloudType=Consumer;environment=Prod_southindia_prod-s01-004-apac-southindia;migrationStage=NotStarted}
{"logTime": "0315/123654", "correlationVector":"mzd+qCzrejhTJcjhgsQjkg","action":"Commit Request", "result":"", "context":Item count: 4
Contributing types: Sessions, History}
{"logTime": "0315/123658", "correlationVector":"mzd+qCzrejhTJcjhgsQjkg.1","action":"SyncServerConnectionManagerRequest", "result":"SYNC_SERVER_OK", "context":{"environment":"Prod_southindia_prod-s01-004-apac-southindia", "migrationStage":"NotStarted", "server":"akswtt102000035"}}
{"logTime": "0315/123658", "correlationVector":"mzd+qCzrejhTJcjhgsQjkg.2","action":"Commit Response", "result":"Success", "context":Result: Success. cV=mzd+qCzrejhTJcjhgsQjkg.0;server=akswtt102000035;cloudType=Consumer;environment=Prod_southindia_prod-s01-004-apac-southindia;migrationStage=NotStarted}
{"logTime": "0315/124000", "correlationVector":"TS/Ygi4MkZUbSDybgW7FO2","action":"Commit Request", "result":"", "context":Item count: 11
Contributing types: Sessions, History}
{"logTime": "0315/124001", "correlationVector":"TS/Ygi4MkZUbSDybgW7FO2.1","action":"SyncServerConnectionManagerRequest", "result":"SYNC_SERVER_OK", "context":{"environment":"Prod_southindia_prod-s01-004-apac-southindia", "migrationStage":"NotStarted", "server":"akswtt10200003z"}}
{"logTime": "0315/124001", "correlationVector":"TS/Ygi4MkZUbSDybgW7FO2.2","action":"Commit Response", "result":"Success", "context":Result: Success. cV=TS/Ygi4MkZUbSDybgW7FO2.0;server=akswtt10200003z;cloudType=Consumer;environment=Prod_southindia_prod-s01-004-apac-southindia;migrationStage=NotStarted}
{"logTime": "0315/124221", "correlationVector":"3YPPxJHmKx9pLHNoGHmQHA","action":"Commit Request", "result":"", "context":Item count: 1
Contributing types: Sessions}
{"logTime": "0315/124221", "correlationVector":"3YPPxJHmKx9pLHNoGHmQHA.1","action":"SyncServerConnectionManagerRequest", "result":"SYNC_SERVER_OK", "context":{"environment":"Prod_southindia_prod-s01-004-apac-southindia", "migrationStage":"NotStarted", "server":"akswtt102000012"}}
{"logTime": "0315/124221", "correlationVector":"3YPPxJHmKx9pLHNoGHmQHA.2","action":"Commit Response", "result":"Success", "context":Result: Success. cV=3YPPxJHmKx9pLHNoGHmQHA.0;server=akswtt102000012;cloudType=Consumer;environment=Prod_southindia_prod-s01-004-apac-southindia;migrationStage=NotStarted}
