2026-03-15 09:36:09.933: [INFO][Sync] Reset engine, reason: 8
2026-03-15 09:36:09.933: [INFO][Sync] Stopped: Bookmarks
2026-03-15 09:36:09.933: [INFO][Sync] Stopped: Preferences
2026-03-15 09:36:09.933: [INFO][Sync] Stopped: Passwords
2026-03-15 09:36:09.933: [INFO][Sync] Stopped: Autofill Profiles
2026-03-15 09:36:09.933: [INFO][Sync] Stopped: Autofill
2026-03-15 09:36:09.933: [INFO][Sync] Stopped: Extensions
2026-03-15 09:36:09.933: [INFO][Sync] Stopped: Sessions
2026-03-15 09:36:09.933: [INFO][Sync] Stopped: Extension settings
2026-03-15 09:36:09.933: [INFO][Sync] Stopped: History Delete Directives
2026-03-15 09:36:09.933: [INFO][Sync] Stopped: Device Info
2026-03-15 09:36:09.933: [INFO][Sync] Stopped: User Consents
2026-03-15 09:36:09.933: [INFO][Sync] Stopped: Send Tab To Self
2026-03-15 09:36:09.933: [INFO][Sync] Stopped: Web Apps
2026-03-15 09:36:09.933: [INFO][Sync] Stopped: History
2026-03-15 09:36:09.933: [INFO][Sync] Stopped: Saved Tab Group
2026-03-15 09:36:09.933: [INFO][Sync] Stopped: WebAuthn Credentials
2026-03-15 09:36:09.933: [INFO][Sync] Stopped: Collection
2026-03-15 09:36:09.933: [INFO][Sync] Stopped: Edge E Drop
2026-03-15 09:36:09.933: [INFO][Sync] Stopped: Edge Hub App Usage
2026-03-15 09:36:09.933: [INFO][Sync] Stopped: Edge Wallet
2026-03-15 09:36:09.933: [INFO][Sync] Stopped: Edge Workspace
2026-03-15 09:36:09.933: [INFO][Sync] SyncState after authenticated was: NotSignedIn
2026-03-15 09:36:10.149: [INFO][Sync] Reset engine, reason: 8
2026-03-15 09:36:10.149: [INFO][Sync] Stopped: Bookmarks
2026-03-15 09:36:10.149: [INFO][Sync] Stopped: Preferences
2026-03-15 09:36:10.149: [INFO][Sync] Stopped: Passwords
2026-03-15 09:36:10.149: [INFO][Sync] Stopped: Autofill Profiles
2026-03-15 09:36:10.149: [INFO][Sync] Stopped: Autofill
2026-03-15 09:36:10.149: [INFO][Sync] Stopped: Extensions
2026-03-15 09:36:10.149: [INFO][Sync] Stopped: Sessions
2026-03-15 09:36:10.149: [INFO][Sync] Stopped: Extension settings
2026-03-15 09:36:10.149: [INFO][Sync] Stopped: History Delete Directives
2026-03-15 09:36:10.149: [INFO][Sync] Stopped: Device Info
2026-03-15 09:36:10.149: [INFO][Sync] Stopped: User Consents
2026-03-15 09:36:10.149: [INFO][Sync] Stopped: Send Tab To Self
2026-03-15 09:36:10.149: [INFO][Sync] Stopped: Web Apps
2026-03-15 09:36:10.149: [INFO][Sync] Stopped: History
2026-03-15 09:36:10.149: [INFO][Sync] Stopped: Saved Tab Group
2026-03-15 09:36:10.149: [INFO][Sync] Stopped: WebAuthn Credentials
2026-03-15 09:36:10.149: [INFO][Sync] Stopped: Collection
2026-03-15 09:36:10.149: [INFO][Sync] Stopped: Edge E Drop
2026-03-15 09:36:10.149: [INFO][Sync] Stopped: Edge Hub App Usage
2026-03-15 09:36:10.149: [INFO][Sync] Stopped: Edge Wallet
2026-03-15 09:36:10.149: [INFO][Sync] Stopped: Edge Workspace
2026-03-15 09:36:11.896: [INFO][Sync] Try to start sync engine
2026-03-15 09:36:11.897: [INFO][SyncManagerImpl::NudgeForInitialDownload] Initial download nudge for Encryption Keys
2026-03-15 09:36:11.897: [INFO][SyncEngineBackend::LoadAndConnectNigoriController] Load and connect Nigori controller
2026-03-15 09:36:11.897: [INFO][SyncEngineBackend::DoInitialize] Control Types added: Encryption Keys
2026-03-15 09:36:11.897: [INFO][SyncManagerImpl::ConfigureSyncer] Types to download: Encryption Keys with reason: 3
2026-03-15 09:36:11.897: [INFO][SyncSchedulerImpl::DoConfigurationSyncCycleJob] Configure job was blocked
2026-03-15 09:36:11.921: [INFO][SyncAuthManager::SetLastAuthError] Current auth error: None
2026-03-15 09:36:11.921: [INFO][SyncAuthManager::EdgeLogTokenErrorState] Token error with: None for account type: MSA
2026-03-15 09:36:11.921: [INFO][Sync] Credentials changed for: EdgeSyncScopeNew
2026-03-15 09:36:12.636: [INFO][SyncAuthManager::SetLastAuthError] Current auth error: None
2026-03-15 09:36:12.636: [INFO][SyncAuthManager::EdgeLogTokenErrorState] Token error with: None for account type: MSA
2026-03-15 09:36:12.636: [INFO][Sync] Credentials changed for: EdgeSyncKeyDataScope
2026-03-15 09:36:12.636: [INFO][SyncEngineBackend::DoUpdateKeyDataCredentials] Update key data credentials
2026-03-15 09:36:12.636: [INFO][SyncEngineBackend::DoUpdateCredentials] Update credentials
2026-03-15 09:36:12.636: [INFO][SyncSchedulerImpl::DoConfigurationSyncCycleJob] Blocked types:  and types to download: Encryption Keys
2026-03-15 09:36:13.643: [INFO][Sync] Started DataTypeManager configuration, reason: 4
2026-03-15 09:36:13.643: [INFO][Sync] Configuring for: Bookmarks, Preferences, Passwords, Autofill Profiles, Autofill, Extensions, Sessions, Extension settings, History Delete Directives, Device Info, User Consents, Send Tab To Self, Web Apps, History, Saved Tab Group, WebAuthn Credentials, Collection, Edge E Drop, Edge Hub App Usage, Edge Wallet, Edge Workspace, Encryption Keys, reason: 3, current state: 0
2026-03-15 09:36:13.643: [WARN][Sync] Crypto error data types: Passwords, Autofill Profiles, Autofill
2026-03-15 09:36:13.644: [INFO][Sync] Configure, desired: Bookmarks, Preferences, Extensions, Sessions, Extension settings, History Delete Directives, Device Info, User Consents, Send Tab To Self, Web Apps, History, Saved Tab Group, WebAuthn Credentials, Collection, Edge E Drop, Edge Hub App Usage, Edge Wallet, Edge Workspace, Encryption Keys; Allow fail: Passwords, Autofill Profiles, Autofill
2026-03-15 09:36:13.645: [INFO][Sync] Loading: Bookmarks
2026-03-15 09:36:13.645: [INFO][Sync] Loading: Preferences
2026-03-15 09:36:13.645: [INFO][Sync] Loading: Extensions
2026-03-15 09:36:13.645: [INFO][Sync] Loading: Sessions
2026-03-15 09:36:13.645: [INFO][Sync] Loading: Extension settings
2026-03-15 09:36:13.645: [INFO][Sync] Loading: History Delete Directives
2026-03-15 09:36:13.645: [INFO][Sync] Loading: Device Info
2026-03-15 09:36:13.645: [INFO][Sync] Loading: User Consents
2026-03-15 09:36:13.645: [INFO][Sync] Loading: Send Tab To Self
2026-03-15 09:36:13.645: [INFO][Sync] Loading: Web Apps
2026-03-15 09:36:13.645: [INFO][Sync] Loading: History
2026-03-15 09:36:13.645: [INFO][Sync] Loading: Saved Tab Group
2026-03-15 09:36:13.645: [INFO][Sync] Loading: WebAuthn Credentials
2026-03-15 09:36:13.645: [INFO][Sync] Loading: Collection
2026-03-15 09:36:13.645: [INFO][Sync] Loading: Edge E Drop
2026-03-15 09:36:13.645: [INFO][Sync] Loading: Edge Hub App Usage
2026-03-15 09:36:13.645: [INFO][Sync] Loading: Edge Wallet
2026-03-15 09:36:13.645: [INFO][Sync] Loading: Edge Workspace
2026-03-15 09:36:13.648: [INFO][Sync] All data types are ready for configure.
2026-03-15 09:36:14.177: [INFO][Sync] Started DataTypeManager configuration, reason: 5
2026-03-15 09:36:14.177: [INFO][Sync] Configuring for: Bookmarks, Preferences, Passwords, Autofill Profiles, Autofill, Extensions, Sessions, Extension settings, History Delete Directives, Device Info, User Consents, Send Tab To Self, Web Apps, History, Saved Tab Group, WebAuthn Credentials, Collection, Edge E Drop, Edge Hub App Usage, Edge Wallet, Edge Workspace, Encryption Keys, reason: 5, current state: 1
2026-03-15 09:36:14.180: [INFO][SyncEngineBackend::DoStartConfiguration] Start configuration
2026-03-15 09:36:14.180: [INFO][SyncManagerImpl::NudgeForInitialDownload] Initial download nudge for Bookmarks
2026-03-15 09:36:14.180: [INFO][SyncManagerImpl::NudgeForInitialDownload] Initial download nudge for Preferences
2026-03-15 09:36:14.180: [INFO][SyncManagerImpl::NudgeForInitialDownload] Initial download nudge for Extensions
2026-03-15 09:36:14.180: [INFO][SyncManagerImpl::NudgeForInitialDownload] Initial download nudge for Sessions
2026-03-15 09:36:14.180: [INFO][SyncManagerImpl::NudgeForInitialDownload] Initial download nudge for Extension settings
2026-03-15 09:36:14.180: [INFO][SyncManagerImpl::NudgeForInitialDownload] Initial download nudge for History Delete Directives
2026-03-15 09:36:14.180: [INFO][SyncManagerImpl::NudgeForInitialDownload] Initial download nudge for Device Info
2026-03-15 09:36:14.180: [INFO][SyncManagerImpl::NudgeForInitialDownload] Initial download nudge for Send Tab To Self
2026-03-15 09:36:14.180: [INFO][SyncManagerImpl::NudgeForInitialDownload] Initial download nudge for Web Apps
2026-03-15 09:36:14.180: [INFO][SyncManagerImpl::NudgeForInitialDownload] Initial download nudge for History
2026-03-15 09:36:14.180: [INFO][SyncManagerImpl::NudgeForInitialDownload] Initial download nudge for Saved Tab Group
2026-03-15 09:36:14.180: [INFO][SyncManagerImpl::NudgeForInitialDownload] Initial download nudge for WebAuthn Credentials
2026-03-15 09:36:14.180: [INFO][SyncManagerImpl::NudgeForInitialDownload] Initial download nudge for Collection
2026-03-15 09:36:14.180: [INFO][SyncManagerImpl::NudgeForInitialDownload] Initial download nudge for Edge E Drop
2026-03-15 09:36:14.180: [INFO][SyncManagerImpl::NudgeForInitialDownload] Initial download nudge for Edge Hub App Usage
2026-03-15 09:36:14.180: [INFO][SyncManagerImpl::NudgeForInitialDownload] Initial download nudge for Edge Wallet
2026-03-15 09:36:14.180: [INFO][SyncManagerImpl::NudgeForInitialDownload] Initial download nudge for Edge Workspace
2026-03-15 09:36:14.180: [INFO][SyncManagerImpl::ConfigureSyncer] Types to download:  with reason: 3
2026-03-15 09:36:14.180: [INFO][SyncEngineBackend::DoFinishConfigureDataTypes] Failed to download types:  and succeeded types: 
2026-03-15 09:36:14.183: [INFO][Sync] ConfigurationDone, failed: , succeeded: , remaining count: 4
2026-03-15 09:36:14.183: [WARN][Sync]     Reconfigure requested while configuration ongoing.
2026-03-15 09:36:14.183: [INFO][Sync] Configuring for: Bookmarks, Preferences, Passwords, Autofill Profiles, Autofill, Extensions, Sessions, Extension settings, History Delete Directives, Device Info, User Consents, Send Tab To Self, Web Apps, History, Saved Tab Group, WebAuthn Credentials, Collection, Edge E Drop, Edge Hub App Usage, Edge Wallet, Edge Workspace, Encryption Keys, reason: 5, current state: 2
2026-03-15 09:36:14.183: [INFO][Sync] Configure, desired: Bookmarks, Preferences, Passwords, Autofill Profiles, Autofill, Extensions, Sessions, Extension settings, History Delete Directives, Device Info, User Consents, Send Tab To Self, Web Apps, History, Saved Tab Group, WebAuthn Credentials, Collection, Edge E Drop, Edge Hub App Usage, Edge Wallet, Edge Workspace, Encryption Keys; Allow fail: 
2026-03-15 09:36:14.183: [INFO][Sync] Loading: Passwords
2026-03-15 09:36:14.183: [INFO][Sync] Loading: Autofill Profiles
2026-03-15 09:36:14.183: [INFO][Sync] Loading: Autofill
2026-03-15 09:36:14.183: [INFO][Sync] All data types are ready for configure.
2026-03-15 09:36:14.183: [INFO][SyncManagerImpl::NudgeForInitialDownload] Initial download nudge for Passwords
2026-03-15 09:36:14.183: [INFO][SyncManagerImpl::NudgeForInitialDownload] Initial download nudge for Autofill Profiles
2026-03-15 09:36:14.183: [INFO][SyncManagerImpl::NudgeForInitialDownload] Initial download nudge for Autofill
2026-03-15 09:36:14.183: [INFO][SyncManagerImpl::ConfigureSyncer] Types to download:  with reason: 5
2026-03-15 09:36:14.184: [INFO][SyncEngineBackend::DoFinishConfigureDataTypes] Failed to download types:  and succeeded types: 
2026-03-15 09:36:14.184: [INFO][Sync] ConfigurationDone, failed: , succeeded: , remaining count: 4
2026-03-15 09:36:14.184: [INFO][Sync] Prepare to configure types: Preferences, Passwords, Device Info, Send Tab To Self, Edge E Drop, Encryption Keys
2026-03-15 09:36:14.184: [INFO][SyncManagerImpl::ConfigureSyncer] Types to download: Preferences, Passwords, Device Info, Send Tab To Self, Edge E Drop, Encryption Keys with reason: 5
2026-03-15 09:36:14.184: [INFO][SyncSchedulerImpl::DoConfigurationSyncCycleJob] Blocked types:  and types to download: Preferences, Passwords, Device Info, Send Tab To Self, Edge E Drop, Encryption Keys
2026-03-15 09:36:14.878: [INFO][SyncEngineBackend::DoFinishConfigureDataTypes] Failed to download types:  and succeeded types: Preferences, Passwords, Device Info, Send Tab To Self, Edge E Drop, Encryption Keys
2026-03-15 09:36:14.884: [INFO][Sync] ConfigurationDone, failed: , succeeded: Preferences, Passwords, Device Info, Send Tab To Self, Edge E Drop, Encryption Keys, remaining count: 3
2026-03-15 09:36:14.884: [INFO][Sync] Prepare to configure types: Bookmarks, Encryption Keys
2026-03-15 09:36:14.884: [INFO][SyncManagerImpl::ConfigureSyncer] Types to download: Bookmarks, Encryption Keys with reason: 5
2026-03-15 09:36:14.884: [INFO][SyncSchedulerImpl::DoConfigurationSyncCycleJob] Blocked types:  and types to download: Bookmarks, Encryption Keys
2026-03-15 09:36:15.650: [INFO][SyncEngineBackend::DoFinishConfigureDataTypes] Failed to download types:  and succeeded types: Bookmarks, Encryption Keys
2026-03-15 09:36:15.660: [INFO][Sync] ConfigurationDone, failed: , succeeded: Bookmarks, Encryption Keys, remaining count: 2
2026-03-15 09:36:15.660: [INFO][Sync] Prepare to configure types: Autofill Profiles, Autofill, Extensions, Sessions, Extension settings, History Delete Directives, Web Apps, Saved Tab Group, WebAuthn Credentials, Collection, Edge Hub App Usage, Edge Wallet, Edge Workspace, Encryption Keys
2026-03-15 09:36:15.660: [INFO][SyncManagerImpl::ConfigureSyncer] Types to download: Autofill Profiles, Autofill, Extensions, Sessions, Extension settings, History Delete Directives, Web Apps, Saved Tab Group, WebAuthn Credentials, Collection, Edge Hub App Usage, Edge Wallet, Edge Workspace, Encryption Keys with reason: 5
2026-03-15 09:36:15.660: [INFO][SyncSchedulerImpl::DoConfigurationSyncCycleJob] Blocked types:  and types to download: Autofill Profiles, Autofill, Extensions, Sessions, Extension settings, History Delete Directives, Web Apps, Saved Tab Group, WebAuthn Credentials, Collection, Edge Hub App Usage, Edge Wallet, Edge Workspace, Encryption Keys
2026-03-15 09:36:29.570: [INFO][SyncEngineBackend::DoFinishConfigureDataTypes] Failed to download types:  and succeeded types: Autofill Profiles, Autofill, Extensions, Sessions, Extension settings, History Delete Directives, Web Apps, Saved Tab Group, WebAuthn Credentials, Collection, Edge Hub App Usage, Edge Wallet, Edge Workspace, Encryption Keys
2026-03-15 09:36:29.571: [INFO][Sync] ConfigurationDone, failed: , succeeded: Autofill Profiles, Autofill, Extensions, Sessions, Extension settings, History Delete Directives, Web Apps, Saved Tab Group, WebAuthn Credentials, Collection, Edge Hub App Usage, Edge Wallet, Edge Workspace, Encryption Keys, remaining count: 1
2026-03-15 09:36:29.572: [INFO][Sync] Prepare to configure types: History, Encryption Keys
2026-03-15 09:36:29.572: [INFO][SyncManagerImpl::ConfigureSyncer] Types to download: History, Encryption Keys with reason: 5
2026-03-15 09:36:29.572: [INFO][SyncSchedulerImpl::DoConfigurationSyncCycleJob] Blocked types:  and types to download: History, Encryption Keys
2026-03-15 09:37:07.262: [INFO][Sync] Reset engine, reason: 0
2026-03-15 09:37:07.262: [INFO][Sync] Reset engine with reason: 0
2026-03-15 09:37:07.262: [INFO][SyncSchedulerImpl::OnSyncNetworkError] Syncer error: Network error (ERR_ABORTED)
2026-03-15 09:37:07.263: [INFO][SyncSchedulerImpl::DoConfigurationSyncCycleJob] Syncer error: Success
2026-03-15 11:15:29.033: [INFO][Sync] SyncState after authenticated was: FeatureCanStart
2026-03-15 11:15:30.842: [INFO][SyncAuthManager::SetLastAuthError] Current auth error: None
2026-03-15 11:15:30.842: [INFO][SyncAuthManager::EdgeLogTokenErrorState] Token error with: None for account type: MSA
2026-03-15 11:15:30.842: [INFO][Sync] Credentials changed for: EdgeSyncKeyDataScope
2026-03-15 11:15:39.149: [INFO][Sync] Try to start sync engine
2026-03-15 11:15:39.151: [INFO][SyncManagerImpl::NudgeForInitialDownload] Initial download nudge for Encryption Keys
2026-03-15 11:15:39.151: [INFO][SyncEngineBackend::LoadAndConnectNigoriController] Load and connect Nigori controller
2026-03-15 11:15:39.151: [INFO][SyncEngineBackend::DoInitialize] Control Types added: Encryption Keys
2026-03-15 11:15:39.151: [INFO][SyncManagerImpl::ConfigureSyncer] Types to download: Encryption Keys with reason: 3
2026-03-15 11:15:39.151: [INFO][SyncEngineBackend::DoUpdateKeyDataCredentials] Update key data credentials
2026-03-15 11:15:39.151: [INFO][SyncSchedulerImpl::DoConfigurationSyncCycleJob] Configure job was blocked
2026-03-15 11:15:39.161: [INFO][SyncAuthManager::SetLastAuthError] Current auth error: None
2026-03-15 11:15:39.161: [INFO][SyncAuthManager::EdgeLogTokenErrorState] Token error with: None for account type: MSA
2026-03-15 11:15:39.161: [INFO][Sync] Credentials changed for: EdgeSyncScopeNew
2026-03-15 11:15:39.161: [INFO][SyncEngineBackend::DoUpdateCredentials] Update credentials
2026-03-15 11:15:39.161: [INFO][SyncSchedulerImpl::DoConfigurationSyncCycleJob] Blocked types:  and types to download: Encryption Keys
2026-03-15 11:15:40.068: [INFO][SyncEngineBackend::DoUpdateKeyDataCredentials] Update key data credentials
2026-03-15 11:15:40.110: [INFO][Sync] Started DataTypeManager configuration, reason: 4
2026-03-15 11:15:40.110: [INFO][Sync] Configuring for: Bookmarks, Preferences, Passwords, Autofill Profiles, Autofill, Extensions, Sessions, Extension settings, History Delete Directives, Device Info, User Consents, Send Tab To Self, Web Apps, History, Saved Tab Group, WebAuthn Credentials, Collection, Edge E Drop, Edge Hub App Usage, Edge Wallet, Edge Workspace, Encryption Keys, reason: 4, current state: 0
2026-03-15 11:15:40.110: [WARN][Sync] Crypto error data types: Passwords, Autofill Profiles, Autofill
2026-03-15 11:15:40.118: [INFO][Sync] Configure, desired: Bookmarks, Preferences, Extensions, Sessions, Extension settings, History Delete Directives, Device Info, User Consents, Send Tab To Self, Web Apps, History, Saved Tab Group, WebAuthn Credentials, Collection, Edge E Drop, Edge Hub App Usage, Edge Wallet, Edge Workspace, Encryption Keys; Allow fail: Passwords, Autofill Profiles, Autofill
2026-03-15 11:15:40.118: [INFO][Sync] Loading: Bookmarks
2026-03-15 11:15:40.118: [INFO][Sync] Loading: Preferences
2026-03-15 11:15:40.118: [INFO][Sync] Loading: Extensions
2026-03-15 11:15:40.118: [INFO][Sync] Loading: Sessions
2026-03-15 11:15:40.118: [INFO][Sync] Loading: Extension settings
2026-03-15 11:15:40.118: [INFO][Sync] Loading: History Delete Directives
2026-03-15 11:15:40.118: [INFO][Sync] Loading: Device Info
2026-03-15 11:15:40.118: [INFO][Sync] Loading: User Consents
2026-03-15 11:15:40.118: [INFO][Sync] Loading: Send Tab To Self
2026-03-15 11:15:40.118: [INFO][Sync] Loading: Web Apps
2026-03-15 11:15:40.118: [INFO][Sync] Loading: History
2026-03-15 11:15:40.118: [INFO][Sync] Loading: Saved Tab Group
2026-03-15 11:15:40.118: [INFO][Sync] Loading: WebAuthn Credentials
2026-03-15 11:15:40.118: [INFO][Sync] Loading: Collection
2026-03-15 11:15:40.118: [INFO][Sync] Loading: Edge E Drop
2026-03-15 11:15:40.118: [INFO][Sync] Loading: Edge Hub App Usage
2026-03-15 11:15:40.118: [INFO][Sync] Loading: Edge Wallet
2026-03-15 11:15:40.118: [INFO][Sync] Loading: Edge Workspace
2026-03-15 11:15:40.136: [INFO][Sync] All data types are ready for configure.
2026-03-15 11:15:40.578: [INFO][SyncEngineBackend::DoStartConfiguration] Start configuration
2026-03-15 11:15:40.578: [INFO][Sync] Started DataTypeManager configuration, reason: 5
2026-03-15 11:15:40.578: [INFO][Sync] Configuring for: Bookmarks, Preferences, Passwords, Autofill Profiles, Autofill, Extensions, Sessions, Extension settings, History Delete Directives, Device Info, User Consents, Send Tab To Self, Web Apps, History, Saved Tab Group, WebAuthn Credentials, Collection, Edge E Drop, Edge Hub App Usage, Edge Wallet, Edge Workspace, Encryption Keys, reason: 5, current state: 1
2026-03-15 11:15:40.578: [INFO][SyncManagerImpl::NudgeForInitialDownload] Initial download nudge for History
2026-03-15 11:15:40.578: [INFO][SyncManagerImpl::ConfigureSyncer] Types to download:  with reason: 4
2026-03-15 11:15:40.578: [INFO][SyncEngineBackend::DoFinishConfigureDataTypes] Failed to download types:  and succeeded types: 
2026-03-15 11:15:40.589: [INFO][Sync] ConfigurationDone, failed: , succeeded: , remaining count: 4
2026-03-15 11:15:40.589: [WARN][Sync]     Reconfigure requested while configuration ongoing.
2026-03-15 11:15:40.589: [INFO][Sync] Configuring for: Bookmarks, Preferences, Passwords, Autofill Profiles, Autofill, Extensions, Sessions, Extension settings, History Delete Directives, Device Info, User Consents, Send Tab To Self, Web Apps, History, Saved Tab Group, WebAuthn Credentials, Collection, Edge E Drop, Edge Hub App Usage, Edge Wallet, Edge Workspace, Encryption Keys, reason: 5, current state: 2
2026-03-15 11:15:40.590: [INFO][Sync] Configure, desired: Bookmarks, Preferences, Passwords, Autofill Profiles, Autofill, Extensions, Sessions, Extension settings, History Delete Directives, Device Info, User Consents, Send Tab To Self, Web Apps, History, Saved Tab Group, WebAuthn Credentials, Collection, Edge E Drop, Edge Hub App Usage, Edge Wallet, Edge Workspace, Encryption Keys; Allow fail: 
2026-03-15 11:15:40.590: [INFO][Sync] Loading: Passwords
2026-03-15 11:15:40.590: [INFO][Sync] Loading: Autofill Profiles
2026-03-15 11:15:40.590: [INFO][Sync] Loading: Autofill
2026-03-15 11:15:40.590: [INFO][Sync] All data types are ready for configure.
2026-03-15 11:15:40.590: [INFO][SyncManagerImpl::NudgeForInitialDownload] Initial download nudge for Passwords
2026-03-15 11:15:40.590: [INFO][SyncManagerImpl::ConfigureSyncer] Types to download:  with reason: 5
2026-03-15 11:15:40.590: [INFO][SyncEngineBackend::DoFinishConfigureDataTypes] Failed to download types:  and succeeded types: 
2026-03-15 11:15:40.591: [INFO][Sync] ConfigurationDone, failed: , succeeded: , remaining count: 4
2026-03-15 11:15:40.591: [INFO][Sync] Prepare to configure types: Passwords, Encryption Keys
2026-03-15 11:15:40.591: [INFO][SyncManagerImpl::ConfigureSyncer] Types to download: Passwords, Encryption Keys with reason: 5
2026-03-15 11:15:40.591: [INFO][SyncSchedulerImpl::DoConfigurationSyncCycleJob] Blocked types:  and types to download: Passwords, Encryption Keys
2026-03-15 11:15:40.984: [INFO][SyncEngineBackend::DoFinishConfigureDataTypes] Failed to download types:  and succeeded types: Passwords, Encryption Keys
2026-03-15 11:15:40.991: [INFO][Sync] ConfigurationDone, failed: , succeeded: Passwords, Encryption Keys, remaining count: 3
2026-03-15 11:15:40.991: [INFO][SyncManagerImpl::ConfigureSyncer] Types to download:  with reason: 5
2026-03-15 11:15:40.991: [INFO][SyncEngineBackend::DoFinishConfigureDataTypes] Failed to download types:  and succeeded types: 
2026-03-15 11:15:40.992: [INFO][Sync] ConfigurationDone, failed: , succeeded: , remaining count: 2
2026-03-15 11:15:40.992: [INFO][SyncManagerImpl::ConfigureSyncer] Types to download:  with reason: 5
2026-03-15 11:15:40.992: [INFO][SyncEngineBackend::DoFinishConfigureDataTypes] Failed to download types:  and succeeded types: 
2026-03-15 11:15:40.997: [INFO][Sync] ConfigurationDone, failed: , succeeded: , remaining count: 1
2026-03-15 11:15:41.004: [INFO][Sync] Prepare to configure types: History, Encryption Keys
2026-03-15 11:15:41.004: [INFO][SyncManagerImpl::ConfigureSyncer] Types to download: History, Encryption Keys with reason: 5
2026-03-15 11:15:41.004: [INFO][SyncSchedulerImpl::DoConfigurationSyncCycleJob] Blocked types:  and types to download: History, Encryption Keys
2026-03-15 11:15:53.992: [INFO][SyncEngineBackend::DoFinishConfigureDataTypes] Failed to download types:  and succeeded types: History, Encryption Keys
2026-03-15 11:15:54.004: [INFO][Sync] ConfigurationDone, failed: , succeeded: History, Encryption Keys, remaining count: 0
2026-03-15 11:15:54.017: [INFO][Sync]     Configuration completed, state: 7
2026-03-15 11:15:54.018: [INFO][Sync] Configured DataTypeManager: Ok
2026-03-15 11:15:54.027: [INFO][SyncEngineBackend::DoStartSyncing] Start syncing
2026-03-15 11:17:53.101: [INFO][Sync] Reset engine, reason: 0
2026-03-15 11:17:53.101: [INFO][Sync] Reset engine with reason: 0
2026-03-15 11:18:23.886: [INFO][Sync] Reset engine, reason: 8
2026-03-15 11:18:23.886: [INFO][Sync] Stopped: Bookmarks
2026-03-15 11:18:23.886: [INFO][Sync] Stopped: Preferences
2026-03-15 11:18:23.886: [INFO][Sync] Stopped: Passwords
2026-03-15 11:18:23.886: [INFO][Sync] Stopped: Autofill Profiles
2026-03-15 11:18:23.886: [INFO][Sync] Stopped: Autofill
2026-03-15 11:18:23.886: [INFO][Sync] Stopped: Extensions
2026-03-15 11:18:23.886: [INFO][Sync] Stopped: Sessions
2026-03-15 11:18:23.886: [INFO][Sync] Stopped: Extension settings
2026-03-15 11:18:23.886: [INFO][Sync] Stopped: History Delete Directives
2026-03-15 11:18:23.886: [INFO][Sync] Stopped: Device Info
2026-03-15 11:18:23.886: [INFO][Sync] Stopped: User Consents
2026-03-15 11:18:23.886: [INFO][Sync] Stopped: Send Tab To Self
2026-03-15 11:18:23.886: [INFO][Sync] Stopped: Web Apps
2026-03-15 11:18:23.886: [INFO][Sync] Stopped: History
2026-03-15 11:18:23.886: [INFO][Sync] Stopped: Saved Tab Group
2026-03-15 11:18:23.886: [INFO][Sync] Stopped: WebAuthn Credentials
2026-03-15 11:18:23.886: [INFO][Sync] Stopped: Collection
2026-03-15 11:18:23.886: [INFO][Sync] Stopped: Edge E Drop
2026-03-15 11:18:23.886: [INFO][Sync] Stopped: Edge Hub App Usage
2026-03-15 11:18:23.886: [INFO][Sync] Stopped: Edge Wallet
2026-03-15 11:18:23.886: [INFO][Sync] Stopped: Edge Workspace
2026-03-15 11:18:23.886: [INFO][Sync] SyncState after authenticated was: NotSignedIn
2026-03-15 11:18:24.086: [INFO][Sync] Reset engine, reason: 8
2026-03-15 11:18:24.086: [INFO][Sync] Stopped: Bookmarks
2026-03-15 11:18:24.086: [INFO][Sync] Stopped: Preferences
2026-03-15 11:18:24.086: [INFO][Sync] Stopped: Passwords
2026-03-15 11:18:24.086: [INFO][Sync] Stopped: Autofill Profiles
2026-03-15 11:18:24.086: [INFO][Sync] Stopped: Autofill
2026-03-15 11:18:24.086: [INFO][Sync] Stopped: Extensions
2026-03-15 11:18:24.086: [INFO][Sync] Stopped: Sessions
2026-03-15 11:18:24.086: [INFO][Sync] Stopped: Extension settings
2026-03-15 11:18:24.086: [INFO][Sync] Stopped: History Delete Directives
2026-03-15 11:18:24.086: [INFO][Sync] Stopped: Device Info
2026-03-15 11:18:24.086: [INFO][Sync] Stopped: User Consents
2026-03-15 11:18:24.086: [INFO][Sync] Stopped: Send Tab To Self
2026-03-15 11:18:24.086: [INFO][Sync] Stopped: Web Apps
2026-03-15 11:18:24.086: [INFO][Sync] Stopped: History
2026-03-15 11:18:24.086: [INFO][Sync] Stopped: Saved Tab Group
2026-03-15 11:18:24.086: [INFO][Sync] Stopped: WebAuthn Credentials
2026-03-15 11:18:24.086: [INFO][Sync] Stopped: Collection
2026-03-15 11:18:24.086: [INFO][Sync] Stopped: Edge E Drop
2026-03-15 11:18:24.086: [INFO][Sync] Stopped: Edge Hub App Usage
2026-03-15 11:18:24.086: [INFO][Sync] Stopped: Edge Wallet
2026-03-15 11:18:24.086: [INFO][Sync] Stopped: Edge Workspace
2026-03-15 11:18:25.983: [INFO][Sync] Try to start sync engine
2026-03-15 11:18:25.984: [INFO][SyncManagerImpl::NudgeForInitialDownload] Initial download nudge for Encryption Keys
2026-03-15 11:18:25.984: [INFO][SyncEngineBackend::LoadAndConnectNigoriController] Load and connect Nigori controller
2026-03-15 11:18:25.984: [INFO][SyncEngineBackend::DoInitialize] Control Types added: Encryption Keys
2026-03-15 11:18:25.984: [INFO][SyncManagerImpl::ConfigureSyncer] Types to download: Encryption Keys with reason: 3
2026-03-15 11:18:25.984: [INFO][SyncSchedulerImpl::DoConfigurationSyncCycleJob] Configure job was blocked
2026-03-15 11:18:26.036: [INFO][SyncAuthManager::SetLastAuthError] Current auth error: None
2026-03-15 11:18:26.036: [INFO][SyncAuthManager::EdgeLogTokenErrorState] Token error with: None for account type: MSA
2026-03-15 11:18:26.036: [INFO][Sync] Credentials changed for: EdgeSyncScopeNew
2026-03-15 11:18:26.070: [INFO][SyncAuthManager::SetLastAuthError] Current auth error: None
2026-03-15 11:18:26.071: [INFO][SyncAuthManager::EdgeLogTokenErrorState] Token error with: None for account type: MSA
2026-03-15 11:18:26.071: [INFO][Sync] Credentials changed for: EdgeSyncKeyDataScope
2026-03-15 11:18:26.071: [INFO][SyncEngineBackend::DoUpdateKeyDataCredentials] Update key data credentials
2026-03-15 11:18:26.071: [INFO][SyncEngineBackend::DoUpdateCredentials] Update credentials
2026-03-15 11:18:26.071: [INFO][SyncSchedulerImpl::DoConfigurationSyncCycleJob] Blocked types:  and types to download: Encryption Keys
2026-03-15 11:18:26.431: [INFO][Sync] Started DataTypeManager configuration, reason: 4
2026-03-15 11:18:26.431: [INFO][Sync] Configuring for: Bookmarks, Preferences, Passwords, Autofill Profiles, Autofill, Extensions, Sessions, Extension settings, History Delete Directives, Device Info, User Consents, Send Tab To Self, Web Apps, History, Saved Tab Group, WebAuthn Credentials, Collection, Edge E Drop, Edge Hub App Usage, Edge Wallet, Edge Workspace, Encryption Keys, reason: 4, current state: 0
2026-03-15 11:18:26.431: [WARN][Sync] Crypto error data types: Passwords, Autofill Profiles, Autofill
2026-03-15 11:18:26.436: [INFO][Sync] Configure, desired: Bookmarks, Preferences, Extensions, Sessions, Extension settings, History Delete Directives, Device Info, User Consents, Send Tab To Self, Web Apps, History, Saved Tab Group, WebAuthn Credentials, Collection, Edge E Drop, Edge Hub App Usage, Edge Wallet, Edge Workspace, Encryption Keys; Allow fail: Passwords, Autofill Profiles, Autofill
2026-03-15 11:18:26.436: [INFO][Sync] Loading: Bookmarks
2026-03-15 11:18:26.436: [INFO][Sync] Loading: Preferences
2026-03-15 11:18:26.436: [INFO][Sync] Loading: Extensions
2026-03-15 11:18:26.436: [INFO][Sync] Loading: Sessions
2026-03-15 11:18:26.436: [INFO][Sync] Loading: Extension settings
2026-03-15 11:18:26.436: [INFO][Sync] Loading: History Delete Directives
2026-03-15 11:18:26.436: [INFO][Sync] Loading: Device Info
2026-03-15 11:18:26.436: [INFO][Sync] Loading: User Consents
2026-03-15 11:18:26.436: [INFO][Sync] Loading: Send Tab To Self
2026-03-15 11:18:26.436: [INFO][Sync] Loading: Web Apps
2026-03-15 11:18:26.436: [INFO][Sync] Loading: History
2026-03-15 11:18:26.436: [INFO][Sync] Loading: Saved Tab Group
2026-03-15 11:18:26.436: [INFO][Sync] Loading: WebAuthn Credentials
2026-03-15 11:18:26.436: [INFO][Sync] Loading: Collection
2026-03-15 11:18:26.436: [INFO][Sync] Loading: Edge E Drop
2026-03-15 11:18:26.436: [INFO][Sync] Loading: Edge Hub App Usage
2026-03-15 11:18:26.436: [INFO][Sync] Loading: Edge Wallet
2026-03-15 11:18:26.436: [INFO][Sync] Loading: Edge Workspace
2026-03-15 11:18:26.445: [INFO][Sync] All data types are ready for configure.
2026-03-15 11:18:26.735: [INFO][SyncEngineBackend::DoStartConfiguration] Start configuration
2026-03-15 11:18:26.735: [INFO][SyncManagerImpl::NudgeForInitialDownload] Initial download nudge for Bookmarks
2026-03-15 11:18:26.735: [INFO][SyncManagerImpl::NudgeForInitialDownload] Initial download nudge for Preferences
2026-03-15 11:18:26.735: [INFO][SyncManagerImpl::NudgeForInitialDownload] Initial download nudge for Extensions
2026-03-15 11:18:26.735: [INFO][SyncManagerImpl::NudgeForInitialDownload] Initial download nudge for Sessions
2026-03-15 11:18:26.735: [INFO][SyncManagerImpl::NudgeForInitialDownload] Initial download nudge for Extension settings
2026-03-15 11:18:26.735: [INFO][SyncManagerImpl::NudgeForInitialDownload] Initial download nudge for History Delete Directives
2026-03-15 11:18:26.735: [INFO][SyncManagerImpl::NudgeForInitialDownload] Initial download nudge for Device Info
2026-03-15 11:18:26.735: [INFO][SyncManagerImpl::NudgeForInitialDownload] Initial download nudge for Send Tab To Self
2026-03-15 11:18:26.735: [INFO][SyncManagerImpl::NudgeForInitialDownload] Initial download nudge for Web Apps
2026-03-15 11:18:26.735: [INFO][SyncManagerImpl::NudgeForInitialDownload] Initial download nudge for History
2026-03-15 11:18:26.735: [INFO][SyncManagerImpl::NudgeForInitialDownload] Initial download nudge for Saved Tab Group
2026-03-15 11:18:26.735: [INFO][SyncManagerImpl::NudgeForInitialDownload] Initial download nudge for WebAuthn Credentials
2026-03-15 11:18:26.735: [INFO][SyncManagerImpl::NudgeForInitialDownload] Initial download nudge for Collection
2026-03-15 11:18:26.735: [INFO][SyncManagerImpl::NudgeForInitialDownload] Initial download nudge for Edge E Drop
2026-03-15 11:18:26.735: [INFO][SyncManagerImpl::NudgeForInitialDownload] Initial download nudge for Edge Hub App Usage
2026-03-15 11:18:26.735: [INFO][SyncManagerImpl::NudgeForInitialDownload] Initial download nudge for Edge Wallet
2026-03-15 11:18:26.735: [INFO][SyncManagerImpl::NudgeForInitialDownload] Initial download nudge for Edge Workspace
2026-03-15 11:18:26.735: [INFO][SyncManagerImpl::ConfigureSyncer] Types to download:  with reason: 4
2026-03-15 11:18:26.735: [INFO][SyncEngineBackend::DoFinishConfigureDataTypes] Failed to download types:  and succeeded types: 
2026-03-15 11:18:26.738: [INFO][Sync] Started DataTypeManager configuration, reason: 5
2026-03-15 11:18:26.738: [INFO][Sync] Configuring for: Bookmarks, Preferences, Passwords, Autofill Profiles, Autofill, Extensions, Sessions, Extension settings, History Delete Directives, Device Info, User Consents, Send Tab To Self, Web Apps, History, Saved Tab Group, WebAuthn Credentials, Collection, Edge E Drop, Edge Hub App Usage, Edge Wallet, Edge Workspace, Encryption Keys, reason: 5, current state: 1
2026-03-15 11:18:26.746: [INFO][Sync] ConfigurationDone, failed: , succeeded: , remaining count: 4
2026-03-15 11:18:26.746: [WARN][Sync]     Reconfigure requested while configuration ongoing.
2026-03-15 11:18:26.746: [INFO][Sync] Configuring for: Bookmarks, Preferences, Passwords, Autofill Profiles, Autofill, Extensions, Sessions, Extension settings, History Delete Directives, Device Info, User Consents, Send Tab To Self, Web Apps, History, Saved Tab Group, WebAuthn Credentials, Collection, Edge E Drop, Edge Hub App Usage, Edge Wallet, Edge Workspace, Encryption Keys, reason: 5, current state: 2
2026-03-15 11:18:26.746: [INFO][Sync] Configure, desired: Bookmarks, Preferences, Passwords, Autofill Profiles, Autofill, Extensions, Sessions, Extension settings, History Delete Directives, Device Info, User Consents, Send Tab To Self, Web Apps, History, Saved Tab Group, WebAuthn Credentials, Collection, Edge E Drop, Edge Hub App Usage, Edge Wallet, Edge Workspace, Encryption Keys; Allow fail: 
2026-03-15 11:18:26.746: [INFO][Sync] Loading: Passwords
2026-03-15 11:18:26.746: [INFO][Sync] Loading: Autofill Profiles
2026-03-15 11:18:26.746: [INFO][Sync] Loading: Autofill
2026-03-15 11:18:26.747: [INFO][Sync] All data types are ready for configure.
2026-03-15 11:18:26.747: [INFO][SyncManagerImpl::NudgeForInitialDownload] Initial download nudge for Passwords
2026-03-15 11:18:26.747: [INFO][SyncManagerImpl::NudgeForInitialDownload] Initial download nudge for Autofill Profiles
2026-03-15 11:18:26.747: [INFO][SyncManagerImpl::NudgeForInitialDownload] Initial download nudge for Autofill
2026-03-15 11:18:26.747: [INFO][SyncManagerImpl::ConfigureSyncer] Types to download:  with reason: 5
2026-03-15 11:18:26.747: [INFO][SyncEngineBackend::DoFinishConfigureDataTypes] Failed to download types:  and succeeded types: 
2026-03-15 11:18:26.753: [INFO][Sync] ConfigurationDone, failed: , succeeded: , remaining count: 4
2026-03-15 11:18:26.753: [INFO][Sync] Prepare to configure types: Preferences, Passwords, Device Info, Send Tab To Self, Edge E Drop, Encryption Keys
2026-03-15 11:18:26.753: [INFO][SyncManagerImpl::ConfigureSyncer] Types to download: Preferences, Passwords, Device Info, Send Tab To Self, Edge E Drop, Encryption Keys with reason: 5
2026-03-15 11:18:26.753: [INFO][SyncSchedulerImpl::DoConfigurationSyncCycleJob] Blocked types:  and types to download: Preferences, Passwords, Device Info, Send Tab To Self, Edge E Drop, Encryption Keys
2026-03-15 11:18:28.012: [INFO][SyncEngineBackend::DoFinishConfigureDataTypes] Failed to download types:  and succeeded types: Preferences, Passwords, Device Info, Send Tab To Self, Edge E Drop, Encryption Keys
2026-03-15 11:18:28.021: [INFO][Sync] ConfigurationDone, failed: , succeeded: Preferences, Passwords, Device Info, Send Tab To Self, Edge E Drop, Encryption Keys, remaining count: 3
2026-03-15 11:18:28.021: [INFO][Sync] Prepare to configure types: Bookmarks, Encryption Keys
2026-03-15 11:18:28.021: [INFO][SyncManagerImpl::ConfigureSyncer] Types to download: Bookmarks, Encryption Keys with reason: 5
2026-03-15 11:18:28.021: [INFO][SyncSchedulerImpl::DoConfigurationSyncCycleJob] Blocked types:  and types to download: Bookmarks, Encryption Keys
2026-03-15 11:18:28.371: [INFO][SyncEngineBackend::DoFinishConfigureDataTypes] Failed to download types:  and succeeded types: Bookmarks, Encryption Keys
2026-03-15 11:18:28.378: [INFO][Sync] ConfigurationDone, failed: , succeeded: Bookmarks, Encryption Keys, remaining count: 2
2026-03-15 11:18:28.378: [INFO][Sync] Prepare to configure types: Autofill Profiles, Autofill, Extensions, Sessions, Extension settings, History Delete Directives, Web Apps, Saved Tab Group, WebAuthn Credentials, Collection, Edge Hub App Usage, Edge Wallet, Edge Workspace, Encryption Keys
2026-03-15 11:18:28.378: [INFO][SyncManagerImpl::ConfigureSyncer] Types to download: Autofill Profiles, Autofill, Extensions, Sessions, Extension settings, History Delete Directives, Web Apps, Saved Tab Group, WebAuthn Credentials, Collection, Edge Hub App Usage, Edge Wallet, Edge Workspace, Encryption Keys with reason: 5
2026-03-15 11:18:28.378: [INFO][SyncSchedulerImpl::DoConfigurationSyncCycleJob] Blocked types:  and types to download: Autofill Profiles, Autofill, Extensions, Sessions, Extension settings, History Delete Directives, Web Apps, Saved Tab Group, WebAuthn Credentials, Collection, Edge Hub App Usage, Edge Wallet, Edge Workspace, Encryption Keys
2026-03-15 11:18:40.939: [INFO][SyncEngineBackend::DoFinishConfigureDataTypes] Failed to download types:  and succeeded types: Autofill Profiles, Autofill, Extensions, Sessions, Extension settings, History Delete Directives, Web Apps, Saved Tab Group, WebAuthn Credentials, Collection, Edge Hub App Usage, Edge Wallet, Edge Workspace, Encryption Keys
2026-03-15 11:18:40.944: [INFO][Sync] ConfigurationDone, failed: , succeeded: Autofill Profiles, Autofill, Extensions, Sessions, Extension settings, History Delete Directives, Web Apps, Saved Tab Group, WebAuthn Credentials, Collection, Edge Hub App Usage, Edge Wallet, Edge Workspace, Encryption Keys, remaining count: 1
2026-03-15 11:18:40.951: [INFO][Sync] Prepare to configure types: History, Encryption Keys
2026-03-15 11:18:40.951: [INFO][SyncManagerImpl::ConfigureSyncer] Types to download: History, Encryption Keys with reason: 5
2026-03-15 11:18:40.951: [INFO][SyncSchedulerImpl::DoConfigurationSyncCycleJob] Blocked types:  and types to download: History, Encryption Keys
2026-03-15 11:19:31.014: [INFO][SyncEngineBackend::DoFinishConfigureDataTypes] Failed to download types:  and succeeded types: History, Encryption Keys
2026-03-15 11:19:31.020: [INFO][Sync] ConfigurationDone, failed: , succeeded: History, Encryption Keys, remaining count: 0
2026-03-15 11:19:31.026: [INFO][Sync]     Configuration completed, state: 7
2026-03-15 11:19:31.027: [INFO][Sync] Configured DataTypeManager: Ok
2026-03-15 11:19:31.033: [INFO][SyncEngineBackend::DoStartSyncing] Start syncing
2026-03-15 11:31:25.434: [INFO][Sync] Reset engine, reason: 0
2026-03-15 11:31:25.434: [INFO][Sync] Reset engine with reason: 0
2026-03-15 11:32:14.304: [INFO][Sync] SyncState after authenticated was: FeatureCanStart
2026-03-15 11:32:14.891: [INFO][SyncAuthManager::SetLastAuthError] Current auth error: None
2026-03-15 11:32:14.891: [INFO][SyncAuthManager::EdgeLogTokenErrorState] Token error with: None for account type: MSA
2026-03-15 11:32:14.891: [INFO][Sync] Credentials changed for: EdgeSyncKeyDataScope
2026-03-15 11:32:24.504: [INFO][Sync] Try to start sync engine
2026-03-15 11:32:24.513: [INFO][SyncManagerImpl::NudgeForInitialDownload] Initial download nudge for Encryption Keys
2026-03-15 11:32:24.513: [INFO][SyncEngineBackend::LoadAndConnectNigoriController] Load and connect Nigori controller
2026-03-15 11:32:24.513: [INFO][SyncEngineBackend::DoInitialize] Control Types added: Encryption Keys
2026-03-15 11:32:24.513: [INFO][SyncManagerImpl::ConfigureSyncer] Types to download: Encryption Keys with reason: 3
2026-03-15 11:32:24.514: [INFO][SyncEngineBackend::DoUpdateKeyDataCredentials] Update key data credentials
2026-03-15 11:32:24.514: [INFO][SyncSchedulerImpl::DoConfigurationSyncCycleJob] Configure job was blocked
2026-03-15 11:32:24.522: [INFO][SyncAuthManager::SetLastAuthError] Current auth error: None
2026-03-15 11:32:24.522: [INFO][SyncAuthManager::EdgeLogTokenErrorState] Token error with: None for account type: MSA
2026-03-15 11:32:24.522: [INFO][Sync] Credentials changed for: EdgeSyncScopeNew
2026-03-15 11:32:24.522: [INFO][SyncEngineBackend::DoUpdateCredentials] Update credentials
2026-03-15 11:32:24.522: [INFO][SyncEngineBackend::DoUpdateKeyDataCredentials] Update key data credentials
2026-03-15 11:32:24.522: [INFO][SyncSchedulerImpl::DoConfigurationSyncCycleJob] Blocked types:  and types to download: Encryption Keys
2026-03-15 11:32:25.440: [INFO][Sync] Started DataTypeManager configuration, reason: 4
2026-03-15 11:32:25.441: [INFO][Sync] Configuring for: Bookmarks, Preferences, Passwords, Autofill Profiles, Autofill, Extensions, Sessions, Extension settings, History Delete Directives, Device Info, User Consents, Send Tab To Self, Web Apps, History, Saved Tab Group, WebAuthn Credentials, Collection, Edge E Drop, Edge Hub App Usage, Edge Wallet, Edge Workspace, Encryption Keys, reason: 4, current state: 0
2026-03-15 11:32:25.441: [WARN][Sync] Crypto error data types: Passwords, Autofill Profiles, Autofill
2026-03-15 11:32:25.454: [INFO][Sync] Configure, desired: Bookmarks, Preferences, Extensions, Sessions, Extension settings, History Delete Directives, Device Info, User Consents, Send Tab To Self, Web Apps, History, Saved Tab Group, WebAuthn Credentials, Collection, Edge E Drop, Edge Hub App Usage, Edge Wallet, Edge Workspace, Encryption Keys; Allow fail: Passwords, Autofill Profiles, Autofill
2026-03-15 11:32:25.454: [INFO][Sync] Loading: Bookmarks
2026-03-15 11:32:25.454: [INFO][Sync] Loading: Preferences
2026-03-15 11:32:25.454: [INFO][Sync] Loading: Extensions
2026-03-15 11:32:25.455: [INFO][Sync] Loading: Sessions
2026-03-15 11:32:25.455: [INFO][Sync] Loading: Extension settings
2026-03-15 11:32:25.456: [INFO][Sync] Loading: History Delete Directives
2026-03-15 11:32:25.456: [INFO][Sync] Loading: Device Info
2026-03-15 11:32:25.456: [INFO][Sync] Loading: User Consents
2026-03-15 11:32:25.456: [INFO][Sync] Loading: Send Tab To Self
2026-03-15 11:32:25.456: [INFO][Sync] Loading: Web Apps
2026-03-15 11:32:25.456: [INFO][Sync] Loading: History
2026-03-15 11:32:25.456: [INFO][Sync] Loading: Saved Tab Group
2026-03-15 11:32:25.456: [INFO][Sync] Loading: WebAuthn Credentials
2026-03-15 11:32:25.456: [INFO][Sync] Loading: Collection
2026-03-15 11:32:25.456: [INFO][Sync] Loading: Edge E Drop
2026-03-15 11:32:25.456: [INFO][Sync] Loading: Edge Hub App Usage
2026-03-15 11:32:25.456: [INFO][Sync] Loading: Edge Wallet
2026-03-15 11:32:25.456: [INFO][Sync] Loading: Edge Workspace
2026-03-15 11:32:25.482: [INFO][Sync] All data types are ready for configure.
2026-03-15 11:32:25.944: [INFO][SyncEngineBackend::DoStartConfiguration] Start configuration
2026-03-15 11:32:25.945: [INFO][SyncManagerImpl::ConfigureSyncer] Types to download:  with reason: 4
2026-03-15 11:32:25.945: [INFO][SyncEngineBackend::DoFinishConfigureDataTypes] Failed to download types:  and succeeded types: 
2026-03-15 11:32:25.948: [INFO][Sync] Started DataTypeManager configuration, reason: 5
2026-03-15 11:32:25.948: [INFO][Sync] Configuring for: Bookmarks, Preferences, Passwords, Autofill Profiles, Autofill, Extensions, Sessions, Extension settings, History Delete Directives, Device Info, User Consents, Send Tab To Self, Web Apps, History, Saved Tab Group, WebAuthn Credentials, Collection, Edge E Drop, Edge Hub App Usage, Edge Wallet, Edge Workspace, Encryption Keys, reason: 5, current state: 1
2026-03-15 11:32:25.961: [INFO][Sync] ConfigurationDone, failed: , succeeded: , remaining count: 4
2026-03-15 11:32:25.961: [WARN][Sync]     Reconfigure requested while configuration ongoing.
2026-03-15 11:32:25.961: [INFO][Sync] Configuring for: Bookmarks, Preferences, Passwords, Autofill Profiles, Autofill, Extensions, Sessions, Extension settings, History Delete Directives, Device Info, User Consents, Send Tab To Self, Web Apps, History, Saved Tab Group, WebAuthn Credentials, Collection, Edge E Drop, Edge Hub App Usage, Edge Wallet, Edge Workspace, Encryption Keys, reason: 5, current state: 2
2026-03-15 11:32:25.961: [INFO][Sync] Configure, desired: Bookmarks, Preferences, Passwords, Autofill Profiles, Autofill, Extensions, Sessions, Extension settings, History Delete Directives, Device Info, User Consents, Send Tab To Self, Web Apps, History, Saved Tab Group, WebAuthn Credentials, Collection, Edge E Drop, Edge Hub App Usage, Edge Wallet, Edge Workspace, Encryption Keys; Allow fail: 
2026-03-15 11:32:25.961: [INFO][Sync] Loading: Passwords
2026-03-15 11:32:25.961: [INFO][Sync] Loading: Autofill Profiles
2026-03-15 11:32:25.961: [INFO][Sync] Loading: Autofill
2026-03-15 11:32:25.967: [INFO][Sync] All data types are ready for configure.
2026-03-15 11:32:25.967: [INFO][SyncManagerImpl::NudgeForInitialDownload] Initial download nudge for Passwords
2026-03-15 11:32:25.967: [INFO][SyncManagerImpl::ConfigureSyncer] Types to download:  with reason: 5
2026-03-15 11:32:25.968: [INFO][SyncEngineBackend::DoFinishConfigureDataTypes] Failed to download types:  and succeeded types: 
2026-03-15 11:32:25.968: [INFO][Sync] ConfigurationDone, failed: , succeeded: , remaining count: 4
2026-03-15 11:32:25.968: [INFO][Sync] Prepare to configure types: Passwords, Encryption Keys
2026-03-15 11:32:25.968: [INFO][SyncManagerImpl::ConfigureSyncer] Types to download: Passwords, Encryption Keys with reason: 5
2026-03-15 11:32:25.968: [INFO][SyncSchedulerImpl::DoConfigurationSyncCycleJob] Blocked types:  and types to download: Passwords, Encryption Keys
2026-03-15 11:32:26.550: [INFO][SyncEngineBackend::DoFinishConfigureDataTypes] Failed to download types:  and succeeded types: Passwords, Encryption Keys
2026-03-15 11:32:26.560: [INFO][Sync] ConfigurationDone, failed: , succeeded: Passwords, Encryption Keys, remaining count: 3
2026-03-15 11:32:26.560: [INFO][SyncManagerImpl::ConfigureSyncer] Types to download:  with reason: 5
2026-03-15 11:32:26.560: [INFO][SyncEngineBackend::DoFinishConfigureDataTypes] Failed to download types:  and succeeded types: 
2026-03-15 11:32:26.560: [INFO][Sync] ConfigurationDone, failed: , succeeded: , remaining count: 2
2026-03-15 11:32:26.561: [INFO][SyncManagerImpl::ConfigureSyncer] Types to download:  with reason: 5
2026-03-15 11:32:26.561: [INFO][SyncEngineBackend::DoFinishConfigureDataTypes] Failed to download types:  and succeeded types: 
2026-03-15 11:32:26.561: [INFO][Sync] ConfigurationDone, failed: , succeeded: , remaining count: 1
2026-03-15 11:32:26.571: [INFO][SyncManagerImpl::ConfigureSyncer] Types to download:  with reason: 5
2026-03-15 11:32:26.571: [INFO][SyncEngineBackend::DoFinishConfigureDataTypes] Failed to download types:  and succeeded types: 
2026-03-15 11:32:26.577: [INFO][Sync] ConfigurationDone, failed: , succeeded: , remaining count: 0
2026-03-15 11:32:26.586: [INFO][Sync]     Configuration completed, state: 7
2026-03-15 11:32:26.587: [INFO][Sync] Configured DataTypeManager: Ok
2026-03-15 11:32:26.598: [INFO][SyncEngineBackend::DoStartSyncing] Start syncing
2026-03-15 12:30:15.348: [INFO][SyncSchedulerImpl::OnSyncNetworkError] Syncer error: HTTP error (401)
2026-03-15 12:30:15.348: [INFO][Sync] Connection status changed to: 2
2026-03-15 12:30:15.348: [INFO][Commit::ReportFullCommitFailure] Commit Sessions failed with error: AuthError
2026-03-15 12:30:15.348: [INFO][SyncSchedulerImpl::DoNudgeSyncCycleJob] Syncer error: HTTP error (401)
2026-03-15 12:30:15.362: [WARN][Sync] NetworkError: HTTP error (401)
2026-03-15 12:30:15.376: [INFO][SyncAuthManager::SetLastAuthError] Current auth error: None
2026-03-15 12:30:15.376: [INFO][SyncAuthManager::EdgeLogTokenErrorState] Token error with: None for account type: MSA
2026-03-15 12:30:15.376: [INFO][Sync] Credentials changed for: EdgeSyncScopeNew
2026-03-15 12:30:16.032: [INFO][SyncAuthManager::SetLastAuthError] Current auth error: None
2026-03-15 12:30:16.032: [INFO][SyncAuthManager::EdgeLogTokenErrorState] Token error with: None for account type: MSA
2026-03-15 12:30:16.032: [INFO][Sync] Credentials changed for: EdgeSyncKeyDataScope
2026-03-15 12:30:16.032: [INFO][SyncEngineBackend::DoUpdateKeyDataCredentials] Update key data credentials
2026-03-15 12:30:16.032: [INFO][SyncEngineBackend::DoUpdateCredentials] Update credentials
2026-03-15 12:43:43.693: [INFO][Sync] Reset engine, reason: 0
2026-03-15 12:43:43.693: [INFO][Sync] Reset engine with reason: 0
